cl : 命令列 warning D9035: 選項 'Gm' 已被取代，在未來的發行版本中將會移除
  mygame_run.cpp
c:\users\user\onedrive\桌面\庠code\source\game\zombie.h : warning C4828: 檔案包含起始於位移 0x210 的字元，在目前的來源字元集 (字碼頁 65001) 中不是合法的字元。
c:\users\user\onedrive\桌面\庠code\source\game\zombie.h : warning C4828: 檔案包含起始於位移 0x212 的字元，在目前的來源字元集 (字碼頁 65001) 中不是合法的字元。
c:\users\user\onedrive\桌面\庠code\source\game\zombie.h : warning C4828: 檔案包含起始於位移 0x213 的字元，在目前的來源字元集 (字碼頁 65001) 中不是合法的字元。
c:\users\user\onedrive\桌面\庠code\source\game\zombie.h : warning C4828: 檔案包含起始於位移 0x214 的字元，在目前的來源字元集 (字碼頁 65001) 中不是合法的字元。
c:\users\user\onedrive\桌面\庠code\source\game\zombie.h : warning C4828: 檔案包含起始於位移 0x215 的字元，在目前的來源字元集 (字碼頁 65001) 中不是合法的字元。
c:\users\user\onedrive\桌面\庠code\source\game\zombie.h : warning C4828: 檔案包含起始於位移 0x216 的字元，在目前的來源字元集 (字碼頁 65001) 中不是合法的字元。
c:\users\user\onedrive\桌面\庠code\source\game\zombie.h : warning C4828: 檔案包含起始於位移 0x217 的字元，在目前的來源字元集 (字碼頁 65001) 中不是合法的字元。
c:\users\user\onedrive\桌面\庠code\source\game\zombie.h : warning C4828: 檔案包含起始於位移 0x21a 的字元，在目前的來源字元集 (字碼頁 65001) 中不是合法的字元。
c:\users\user\onedrive\桌面\庠code\source\game\zombie.h : warning C4828: 檔案包含起始於位移 0x222 的字元，在目前的來源字元集 (字碼頁 65001) 中不是合法的字元。
c:\users\user\onedrive\桌面\庠code\source\game\zombie.h : warning C4828: 檔案包含起始於位移 0x240 的字元，在目前的來源字元集 (字碼頁 65001) 中不是合法的字元。
c:\users\user\onedrive\桌面\庠code\source\game\zombie.h : warning C4828: 檔案包含起始於位移 0x241 的字元，在目前的來源字元集 (字碼頁 65001) 中不是合法的字元。
c:\users\user\onedrive\桌面\庠code\source\game\zombie.h : warning C4828: 檔案包含起始於位移 0x242 的字元，在目前的來源字元集 (字碼頁 65001) 中不是合法的字元。
c:\users\user\onedrive\桌面\庠code\source\game\zombie.h : warning C4828: 檔案包含起始於位移 0x243 的字元，在目前的來源字元集 (字碼頁 65001) 中不是合法的字元。
c:\users\user\onedrive\桌面\庠code\source\game\zombie.h : warning C4828: 檔案包含起始於位移 0x261 的字元，在目前的來源字元集 (字碼頁 65001) 中不是合法的字元。
c:\users\user\onedrive\桌面\庠code\source\game\zombie.h : warning C4828: 檔案包含起始於位移 0x263 的字元，在目前的來源字元集 (字碼頁 65001) 中不是合法的字元。
c:\users\user\onedrive\桌面\庠code\source\game\zombie.h : warning C4828: 檔案包含起始於位移 0x269 的字元，在目前的來源字元集 (字碼頁 65001) 中不是合法的字元。
c:\users\user\onedrive\桌面\庠code\source\game\zombie.h : warning C4828: 檔案包含起始於位移 0x26a 的字元，在目前的來源字元集 (字碼頁 65001) 中不是合法的字元。
c:\users\user\onedrive\桌面\庠code\source\game\zombie.h : warning C4828: 檔案包含起始於位移 0x26d 的字元，在目前的來源字元集 (字碼頁 65001) 中不是合法的字元。
c:\users\user\onedrive\桌面\庠code\source\game\zombie.h : warning C4828: 檔案包含起始於位移 0x26e 的字元，在目前的來源字元集 (字碼頁 65001) 中不是合法的字元。
c:\users\user\onedrive\桌面\庠code\source\game\car.h : warning C4828: 檔案包含起始於位移 0x91 的字元，在目前的來源字元集 (字碼頁 65001) 中不是合法的字元。
c:\users\user\onedrive\桌面\庠code\source\game\car.h : warning C4828: 檔案包含起始於位移 0x93 的字元，在目前的來源字元集 (字碼頁 65001) 中不是合法的字元。
c:\users\user\onedrive\桌面\庠code\source\game\car.h : warning C4828: 檔案包含起始於位移 0x94 的字元，在目前的來源字元集 (字碼頁 65001) 中不是合法的字元。
c:\users\user\onedrive\桌面\庠code\source\game\car.h : warning C4828: 檔案包含起始於位移 0x95 的字元，在目前的來源字元集 (字碼頁 65001) 中不是合法的字元。
c:\users\user\onedrive\桌面\庠code\source\game\car.h : warning C4828: 檔案包含起始於位移 0x96 的字元，在目前的來源字元集 (字碼頁 65001) 中不是合法的字元。
c:\users\user\onedrive\桌面\庠code\source\game\car.h : warning C4828: 檔案包含起始於位移 0x97 的字元，在目前的來源字元集 (字碼頁 65001) 中不是合法的字元。
c:\users\user\onedrive\桌面\庠code\source\game\car.h : warning C4828: 檔案包含起始於位移 0x98 的字元，在目前的來源字元集 (字碼頁 65001) 中不是合法的字元。
c:\users\user\onedrive\桌面\庠code\source\game\car.h : warning C4828: 檔案包含起始於位移 0x9b 的字元，在目前的來源字元集 (字碼頁 65001) 中不是合法的字元。
c:\users\user\onedrive\桌面\庠code\source\game\car.h : warning C4828: 檔案包含起始於位移 0xa3 的字元，在目前的來源字元集 (字碼頁 65001) 中不是合法的字元。
c:\users\user\onedrive\桌面\庠code\source\game\car.h : warning C4828: 檔案包含起始於位移 0xc3 的字元，在目前的來源字元集 (字碼頁 65001) 中不是合法的字元。
c:\users\user\onedrive\桌面\庠code\source\game\car.h : warning C4828: 檔案包含起始於位移 0xc4 的字元，在目前的來源字元集 (字碼頁 65001) 中不是合法的字元。
c:\users\user\onedrive\桌面\庠code\source\game\car.h : warning C4828: 檔案包含起始於位移 0xc5 的字元，在目前的來源字元集 (字碼頁 65001) 中不是合法的字元。
c:\users\user\onedrive\桌面\庠code\source\game\car.h : warning C4828: 檔案包含起始於位移 0xc6 的字元，在目前的來源字元集 (字碼頁 65001) 中不是合法的字元。
c:\users\user\onedrive\桌面\庠code\source\game\car.h : warning C4828: 檔案包含起始於位移 0xe3 的字元，在目前的來源字元集 (字碼頁 65001) 中不是合法的字元。
c:\users\user\onedrive\桌面\庠code\source\game\car.h : warning C4828: 檔案包含起始於位移 0xe5 的字元，在目前的來源字元集 (字碼頁 65001) 中不是合法的字元。
c:\users\user\onedrive\桌面\庠code\source\game\car.h : warning C4828: 檔案包含起始於位移 0xeb 的字元，在目前的來源字元集 (字碼頁 65001) 中不是合法的字元。
c:\users\user\onedrive\桌面\庠code\source\game\car.h : warning C4828: 檔案包含起始於位移 0xec 的字元，在目前的來源字元集 (字碼頁 65001) 中不是合法的字元。
c:\users\user\onedrive\桌面\庠code\source\game\car.h : warning C4828: 檔案包含起始於位移 0xef 的字元，在目前的來源字元集 (字碼頁 65001) 中不是合法的字元。
c:\users\user\onedrive\桌面\庠code\source\game\car.h : warning C4828: 檔案包含起始於位移 0xf0 的字元，在目前的來源字元集 (字碼頁 65001) 中不是合法的字元。
c:\users\user\onedrive\桌面\庠code\source\game\sun.h : warning C4828: 檔案包含起始於位移 0xb4 的字元，在目前的來源字元集 (字碼頁 65001) 中不是合法的字元。
c:\users\user\onedrive\桌面\庠code\source\game\sun.h : warning C4828: 檔案包含起始於位移 0xb6 的字元，在目前的來源字元集 (字碼頁 65001) 中不是合法的字元。
c:\users\user\onedrive\桌面\庠code\source\game\sun.h : warning C4828: 檔案包含起始於位移 0xb7 的字元，在目前的來源字元集 (字碼頁 65001) 中不是合法的字元。
c:\users\user\onedrive\桌面\庠code\source\game\sun.h : warning C4828: 檔案包含起始於位移 0xb8 的字元，在目前的來源字元集 (字碼頁 65001) 中不是合法的字元。
c:\users\user\onedrive\桌面\庠code\source\game\sun.h : warning C4828: 檔案包含起始於位移 0xb9 的字元，在目前的來源字元集 (字碼頁 65001) 中不是合法的字元。
c:\users\user\onedrive\桌面\庠code\source\game\sun.h : warning C4828: 檔案包含起始於位移 0xba 的字元，在目前的來源字元集 (字碼頁 65001) 中不是合法的字元。
c:\users\user\onedrive\桌面\庠code\source\game\sun.h : warning C4828: 檔案包含起始於位移 0xbb 的字元，在目前的來源字元集 (字碼頁 65001) 中不是合法的字元。
c:\users\user\onedrive\桌面\庠code\source\game\sun.h : warning C4828: 檔案包含起始於位移 0xbe 的字元，在目前的來源字元集 (字碼頁 65001) 中不是合法的字元。
c:\users\user\onedrive\桌面\庠code\source\game\sun.h : warning C4828: 檔案包含起始於位移 0xc6 的字元，在目前的來源字元集 (字碼頁 65001) 中不是合法的字元。
c:\users\user\onedrive\桌面\庠code\source\game\sun.h : warning C4828: 檔案包含起始於位移 0xe4 的字元，在目前的來源字元集 (字碼頁 65001) 中不是合法的字元。
c:\users\user\onedrive\桌面\庠code\source\game\sun.h : warning C4828: 檔案包含起始於位移 0xe5 的字元，在目前的來源字元集 (字碼頁 65001) 中不是合法的字元。
c:\users\user\onedrive\桌面\庠code\source\game\sun.h : warning C4828: 檔案包含起始於位移 0xe6 的字元，在目前的來源字元集 (字碼頁 65001) 中不是合法的字元。
c:\users\user\onedrive\桌面\庠code\source\game\sun.h : warning C4828: 檔案包含起始於位移 0xe7 的字元，在目前的來源字元集 (字碼頁 65001) 中不是合法的字元。
c:\users\user\onedrive\桌面\庠code\source\game\sun.h : warning C4828: 檔案包含起始於位移 0x117 的字元，在目前的來源字元集 (字碼頁 65001) 中不是合法的字元。
c:\users\user\onedrive\桌面\庠code\source\game\sun.h : warning C4828: 檔案包含起始於位移 0x119 的字元，在目前的來源字元集 (字碼頁 65001) 中不是合法的字元。
c:\users\user\onedrive\桌面\庠code\source\game\sun.h : warning C4828: 檔案包含起始於位移 0x11f 的字元，在目前的來源字元集 (字碼頁 65001) 中不是合法的字元。
c:\users\user\onedrive\桌面\庠code\source\game\sun.h : warning C4828: 檔案包含起始於位移 0x120 的字元，在目前的來源字元集 (字碼頁 65001) 中不是合法的字元。
c:\users\user\onedrive\桌面\庠code\source\game\sun.h : warning C4828: 檔案包含起始於位移 0x123 的字元，在目前的來源字元集 (字碼頁 65001) 中不是合法的字元。
c:\users\user\onedrive\桌面\庠code\source\game\sun.h : warning C4828: 檔案包含起始於位移 0x124 的字元，在目前的來源字元集 (字碼頁 65001) 中不是合法的字元。
c:\users\user\onedrive\桌面\庠code\source\game\plants.h : warning C4828: 檔案包含起始於位移 0x2c8 的字元，在目前的來源字元集 (字碼頁 65001) 中不是合法的字元。
c:\users\user\onedrive\桌面\庠code\source\game\plants.h : warning C4828: 檔案包含起始於位移 0x2ca 的字元，在目前的來源字元集 (字碼頁 65001) 中不是合法的字元。
c:\users\user\onedrive\桌面\庠code\source\game\plants.h : warning C4828: 檔案包含起始於位移 0x2cd 的字元，在目前的來源字元集 (字碼頁 65001) 中不是合法的字元。
c:\users\user\onedrive\桌面\庠code\source\game\plants.h : warning C4828: 檔案包含起始於位移 0x2d0 的字元，在目前的來源字元集 (字碼頁 65001) 中不是合法的字元。
c:\users\user\onedrive\桌面\庠code\source\game\plants.h : warning C4828: 檔案包含起始於位移 0x314 的字元，在目前的來源字元集 (字碼頁 65001) 中不是合法的字元。
c:\users\user\onedrive\桌面\庠code\source\game\plants.h : warning C4828: 檔案包含起始於位移 0x316 的字元，在目前的來源字元集 (字碼頁 65001) 中不是合法的字元。
c:\users\user\onedrive\桌面\庠code\source\game\plants.h : warning C4828: 檔案包含起始於位移 0x319 的字元，在目前的來源字元集 (字碼頁 65001) 中不是合法的字元。
c:\users\user\onedrive\桌面\庠code\source\game\plants.h : warning C4828: 檔案包含起始於位移 0x31c 的字元，在目前的來源字元集 (字碼頁 65001) 中不是合法的字元。
c:\users\user\onedrive\桌面\庠code\source\game\plantscard.h : warning C4828: 檔案包含起始於位移 0x12b 的字元，在目前的來源字元集 (字碼頁 65001) 中不是合法的字元。
c:\users\user\onedrive\桌面\庠code\source\game\plantscard.h : warning C4828: 檔案包含起始於位移 0x12d 的字元，在目前的來源字元集 (字碼頁 65001) 中不是合法的字元。
c:\users\user\onedrive\桌面\庠code\source\game\plantscard.h : warning C4828: 檔案包含起始於位移 0x12e 的字元，在目前的來源字元集 (字碼頁 65001) 中不是合法的字元。
c:\users\user\onedrive\桌面\庠code\source\game\plantscard.h : warning C4828: 檔案包含起始於位移 0x12f 的字元，在目前的來源字元集 (字碼頁 65001) 中不是合法的字元。
c:\users\user\onedrive\桌面\庠code\source\game\plantscard.h : warning C4828: 檔案包含起始於位移 0x130 的字元，在目前的來源字元集 (字碼頁 65001) 中不是合法的字元。
c:\users\user\onedrive\桌面\庠code\source\game\plantscard.h : warning C4828: 檔案包含起始於位移 0x131 的字元，在目前的來源字元集 (字碼頁 65001) 中不是合法的字元。
c:\users\user\onedrive\桌面\庠code\source\game\plantscard.h : warning C4828: 檔案包含起始於位移 0x132 的字元，在目前的來源字元集 (字碼頁 65001) 中不是合法的字元。
c:\users\user\onedrive\桌面\庠code\source\game\plantscard.h : warning C4828: 檔案包含起始於位移 0x135 的字元，在目前的來源字元集 (字碼頁 65001) 中不是合法的字元。
c:\users\user\onedrive\桌面\庠code\source\game\plantscard.h : warning C4828: 檔案包含起始於位移 0x13d 的字元，在目前的來源字元集 (字碼頁 65001) 中不是合法的字元。
c:\users\user\onedrive\桌面\庠code\source\game\plantscard.h : warning C4828: 檔案包含起始於位移 0x174 的字元，在目前的來源字元集 (字碼頁 65001) 中不是合法的字元。
c:\users\user\onedrive\桌面\庠code\source\game\plantscard.h : warning C4828: 檔案包含起始於位移 0x175 的字元，在目前的來源字元集 (字碼頁 65001) 中不是合法的字元。
c:\users\user\onedrive\桌面\庠code\source\game\plantscard.h : warning C4828: 檔案包含起始於位移 0x176 的字元，在目前的來源字元集 (字碼頁 65001) 中不是合法的字元。
c:\users\user\onedrive\桌面\庠code\source\game\plantscard.h : warning C4828: 檔案包含起始於位移 0x177 的字元，在目前的來源字元集 (字碼頁 65001) 中不是合法的字元。
c:\users\user\onedrive\桌面\庠code\source\game\plantscard.h : warning C4828: 檔案包含起始於位移 0x194 的字元，在目前的來源字元集 (字碼頁 65001) 中不是合法的字元。
c:\users\user\onedrive\桌面\庠code\source\game\plantscard.h : warning C4828: 檔案包含起始於位移 0x196 的字元，在目前的來源字元集 (字碼頁 65001) 中不是合法的字元。
c:\users\user\onedrive\桌面\庠code\source\game\plantscard.h : warning C4828: 檔案包含起始於位移 0x19c 的字元，在目前的來源字元集 (字碼頁 65001) 中不是合法的字元。
c:\users\user\onedrive\桌面\庠code\source\game\plantscard.h : warning C4828: 檔案包含起始於位移 0x19d 的字元，在目前的來源字元集 (字碼頁 65001) 中不是合法的字元。
c:\users\user\onedrive\桌面\庠code\source\game\plantscard.h : warning C4828: 檔案包含起始於位移 0x1a0 的字元，在目前的來源字元集 (字碼頁 65001) 中不是合法的字元。
c:\users\user\onedrive\桌面\庠code\source\game\plantscard.h : warning C4828: 檔案包含起始於位移 0x1a1 的字元，在目前的來源字元集 (字碼頁 65001) 中不是合法的字元。
  Zombie.cpp
c:\users\user\onedrive\桌面\庠code\source\game\zombie.cpp(1): warning C4828: 檔案包含起始於位移 0x16b 的字元，在目前的來源字元集 (字碼頁 65001) 中不是合法的字元。
c:\users\user\onedrive\桌面\庠code\source\game\zombie.cpp(1): warning C4828: 檔案包含起始於位移 0x16d 的字元，在目前的來源字元集 (字碼頁 65001) 中不是合法的字元。
c:\users\user\onedrive\桌面\庠code\source\game\zombie.cpp(1): warning C4828: 檔案包含起始於位移 0x16e 的字元，在目前的來源字元集 (字碼頁 65001) 中不是合法的字元。
c:\users\user\onedrive\桌面\庠code\source\game\zombie.cpp(1): warning C4828: 檔案包含起始於位移 0x171 的字元，在目前的來源字元集 (字碼頁 65001) 中不是合法的字元。
c:\users\user\onedrive\桌面\庠code\source\game\zombie.cpp(1): warning C4828: 檔案包含起始於位移 0x174 的字元，在目前的來源字元集 (字碼頁 65001) 中不是合法的字元。
c:\users\user\onedrive\桌面\庠code\source\game\zombie.cpp(1): warning C4828: 檔案包含起始於位移 0x175 的字元，在目前的來源字元集 (字碼頁 65001) 中不是合法的字元。
c:\users\user\onedrive\桌面\庠code\source\game\zombie.cpp(1): warning C4828: 檔案包含起始於位移 0x176 的字元，在目前的來源字元集 (字碼頁 65001) 中不是合法的字元。
c:\users\user\onedrive\桌面\庠code\source\game\zombie.cpp(1): warning C4828: 檔案包含起始於位移 0x3fc 的字元，在目前的來源字元集 (字碼頁 65001) 中不是合法的字元。
c:\users\user\onedrive\桌面\庠code\source\game\zombie.cpp(1): warning C4828: 檔案包含起始於位移 0x3fe 的字元，在目前的來源字元集 (字碼頁 65001) 中不是合法的字元。
c:\users\user\onedrive\桌面\庠code\source\game\zombie.cpp(1): warning C4828: 檔案包含起始於位移 0x3ff 的字元，在目前的來源字元集 (字碼頁 65001) 中不是合法的字元。
c:\users\user\onedrive\桌面\庠code\source\game\zombie.cpp(1): warning C4828: 檔案包含起始於位移 0x402 的字元，在目前的來源字元集 (字碼頁 65001) 中不是合法的字元。
c:\users\user\onedrive\桌面\庠code\source\game\zombie.cpp(1): warning C4828: 檔案包含起始於位移 0x403 的字元，在目前的來源字元集 (字碼頁 65001) 中不是合法的字元。
c:\users\user\onedrive\桌面\庠code\source\game\zombie.cpp(1): warning C4828: 檔案包含起始於位移 0x405 的字元，在目前的來源字元集 (字碼頁 65001) 中不是合法的字元。
c:\users\user\onedrive\桌面\庠code\source\game\zombie.cpp(1): warning C4828: 檔案包含起始於位移 0x406 的字元，在目前的來源字元集 (字碼頁 65001) 中不是合法的字元。
c:\users\user\onedrive\桌面\庠code\source\game\zombie.cpp(1): warning C4828: 檔案包含起始於位移 0x407 的字元，在目前的來源字元集 (字碼頁 65001) 中不是合法的字元。
c:\users\user\onedrive\桌面\庠code\source\game\zombie.cpp(1): warning C4828: 檔案包含起始於位移 0x408 的字元，在目前的來源字元集 (字碼頁 65001) 中不是合法的字元。
c:\users\user\onedrive\桌面\庠code\source\game\zombie.cpp(1): warning C4828: 檔案包含起始於位移 0x690 的字元，在目前的來源字元集 (字碼頁 65001) 中不是合法的字元。
c:\users\user\onedrive\桌面\庠code\source\game\zombie.cpp(1): warning C4828: 檔案包含起始於位移 0x692 的字元，在目前的來源字元集 (字碼頁 65001) 中不是合法的字元。
c:\users\user\onedrive\桌面\庠code\source\game\zombie.cpp(1): warning C4828: 檔案包含起始於位移 0x693 的字元，在目前的來源字元集 (字碼頁 65001) 中不是合法的字元。
c:\users\user\onedrive\桌面\庠code\source\game\zombie.cpp(1): warning C4828: 檔案包含起始於位移 0x696 的字元，在目前的來源字元集 (字碼頁 65001) 中不是合法的字元。
c:\users\user\onedrive\桌面\庠code\source\game\zombie.cpp(1): warning C4828: 檔案包含起始於位移 0x697 的字元，在目前的來源字元集 (字碼頁 65001) 中不是合法的字元。
c:\users\user\onedrive\桌面\庠code\source\game\zombie.cpp(1): warning C4828: 檔案包含起始於位移 0x699 的字元，在目前的來源字元集 (字碼頁 65001) 中不是合法的字元。
c:\users\user\onedrive\桌面\庠code\source\game\zombie.cpp(1): warning C4828: 檔案包含起始於位移 0x69a 的字元，在目前的來源字元集 (字碼頁 65001) 中不是合法的字元。
c:\users\user\onedrive\桌面\庠code\source\game\zombie.cpp(1): warning C4828: 檔案包含起始於位移 0x69b 的字元，在目前的來源字元集 (字碼頁 65001) 中不是合法的字元。
c:\users\user\onedrive\桌面\庠code\source\game\zombie.cpp(1): warning C4828: 檔案包含起始於位移 0x69c 的字元，在目前的來源字元集 (字碼頁 65001) 中不是合法的字元。
c:\users\user\onedrive\桌面\庠code\source\game\zombie.cpp(1): warning C4828: 檔案包含起始於位移 0x925 的字元，在目前的來源字元集 (字碼頁 65001) 中不是合法的字元。
c:\users\user\onedrive\桌面\庠code\source\game\zombie.cpp(1): warning C4828: 檔案包含起始於位移 0x927 的字元，在目前的來源字元集 (字碼頁 65001) 中不是合法的字元。
c:\users\user\onedrive\桌面\庠code\source\game\zombie.cpp(1): warning C4828: 檔案包含起始於位移 0x928 的字元，在目前的來源字元集 (字碼頁 65001) 中不是合法的字元。
c:\users\user\onedrive\桌面\庠code\source\game\zombie.cpp(1): warning C4828: 檔案包含起始於位移 0x92b 的字元，在目前的來源字元集 (字碼頁 65001) 中不是合法的字元。
c:\users\user\onedrive\桌面\庠code\source\game\zombie.cpp(1): warning C4828: 檔案包含起始於位移 0xbce 的字元，在目前的來源字元集 (字碼頁 65001) 中不是合法的字元。
c:\users\user\onedrive\桌面\庠code\source\game\zombie.cpp(1): warning C4828: 檔案包含起始於位移 0xbd0 的字元，在目前的來源字元集 (字碼頁 65001) 中不是合法的字元。
c:\users\user\onedrive\桌面\庠code\source\game\zombie.cpp(1): warning C4828: 檔案包含起始於位移 0xbd1 的字元，在目前的來源字元集 (字碼頁 65001) 中不是合法的字元。
c:\users\user\onedrive\桌面\庠code\source\game\zombie.cpp(1): warning C4828: 檔案包含起始於位移 0xbd4 的字元，在目前的來源字元集 (字碼頁 65001) 中不是合法的字元。
c:\users\user\onedrive\桌面\庠code\source\game\zombie.cpp(1): warning C4828: 檔案包含起始於位移 0xbd5 的字元，在目前的來源字元集 (字碼頁 65001) 中不是合法的字元。
c:\users\user\onedrive\桌面\庠code\source\game\zombie.cpp(1): warning C4828: 檔案包含起始於位移 0xbd7 的字元，在目前的來源字元集 (字碼頁 65001) 中不是合法的字元。
c:\users\user\onedrive\桌面\庠code\source\game\zombie.cpp(1): warning C4828: 檔案包含起始於位移 0xe7a 的字元，在目前的來源字元集 (字碼頁 65001) 中不是合法的字元。
c:\users\user\onedrive\桌面\庠code\source\game\zombie.cpp(1): warning C4828: 檔案包含起始於位移 0xe7c 的字元，在目前的來源字元集 (字碼頁 65001) 中不是合法的字元。
c:\users\user\onedrive\桌面\庠code\source\game\zombie.cpp(1): warning C4828: 檔案包含起始於位移 0xe7d 的字元，在目前的來源字元集 (字碼頁 65001) 中不是合法的字元。
c:\users\user\onedrive\桌面\庠code\source\game\zombie.cpp(1): warning C4828: 檔案包含起始於位移 0xe80 的字元，在目前的來源字元集 (字碼頁 65001) 中不是合法的字元。
c:\users\user\onedrive\桌面\庠code\source\game\zombie.cpp(1): warning C4828: 檔案包含起始於位移 0xe81 的字元，在目前的來源字元集 (字碼頁 65001) 中不是合法的字元。
c:\users\user\onedrive\桌面\庠code\source\game\zombie.cpp(1): warning C4828: 檔案包含起始於位移 0xe83 的字元，在目前的來源字元集 (字碼頁 65001) 中不是合法的字元。
c:\users\user\onedrive\桌面\庠code\source\game\zombie.cpp(1): warning C4828: 檔案包含起始於位移 0x1126 的字元，在目前的來源字元集 (字碼頁 65001) 中不是合法的字元。
c:\users\user\onedrive\桌面\庠code\source\game\zombie.cpp(1): warning C4828: 檔案包含起始於位移 0x1128 的字元，在目前的來源字元集 (字碼頁 65001) 中不是合法的字元。
c:\users\user\onedrive\桌面\庠code\source\game\zombie.cpp(1): warning C4828: 檔案包含起始於位移 0x1129 的字元，在目前的來源字元集 (字碼頁 65001) 中不是合法的字元。
c:\users\user\onedrive\桌面\庠code\source\game\zombie.cpp(1): warning C4828: 檔案包含起始於位移 0x112c 的字元，在目前的來源字元集 (字碼頁 65001) 中不是合法的字元。
c:\users\user\onedrive\桌面\庠code\source\game\zombie.cpp(1): warning C4828: 檔案包含起始於位移 0x112f 的字元，在目前的來源字元集 (字碼頁 65001) 中不是合法的字元。
c:\users\user\onedrive\桌面\庠code\source\game\zombie.cpp(1): warning C4828: 檔案包含起始於位移 0x12ce 的字元，在目前的來源字元集 (字碼頁 65001) 中不是合法的字元。
c:\users\user\onedrive\桌面\庠code\source\game\zombie.cpp(1): warning C4828: 檔案包含起始於位移 0x12d0 的字元，在目前的來源字元集 (字碼頁 65001) 中不是合法的字元。
c:\users\user\onedrive\桌面\庠code\source\game\zombie.cpp(1): warning C4828: 檔案包含起始於位移 0x12d1 的字元，在目前的來源字元集 (字碼頁 65001) 中不是合法的字元。
c:\users\user\onedrive\桌面\庠code\source\game\zombie.cpp(1): warning C4828: 檔案包含起始於位移 0x12d4 的字元，在目前的來源字元集 (字碼頁 65001) 中不是合法的字元。
c:\users\user\onedrive\桌面\庠code\source\game\zombie.cpp(1): warning C4828: 檔案包含起始於位移 0x12d5 的字元，在目前的來源字元集 (字碼頁 65001) 中不是合法的字元。
c:\users\user\onedrive\桌面\庠code\source\game\zombie.cpp(1): warning C4828: 檔案包含起始於位移 0x12d7 的字元，在目前的來源字元集 (字碼頁 65001) 中不是合法的字元。
c:\users\user\onedrive\桌面\庠code\source\game\zombie.cpp(1): warning C4828: 檔案包含起始於位移 0x12d8 的字元，在目前的來源字元集 (字碼頁 65001) 中不是合法的字元。
c:\users\user\onedrive\桌面\庠code\source\game\zombie.cpp(1): warning C4828: 檔案包含起始於位移 0x1479 的字元，在目前的來源字元集 (字碼頁 65001) 中不是合法的字元。
c:\users\user\onedrive\桌面\庠code\source\game\zombie.cpp(1): warning C4828: 檔案包含起始於位移 0x147b 的字元，在目前的來源字元集 (字碼頁 65001) 中不是合法的字元。
c:\users\user\onedrive\桌面\庠code\source\game\zombie.cpp(1): warning C4828: 檔案包含起始於位移 0x147c 的字元，在目前的來源字元集 (字碼頁 65001) 中不是合法的字元。
c:\users\user\onedrive\桌面\庠code\source\game\zombie.cpp(1): warning C4828: 檔案包含起始於位移 0x147f 的字元，在目前的來源字元集 (字碼頁 65001) 中不是合法的字元。
c:\users\user\onedrive\桌面\庠code\source\game\zombie.cpp(1): warning C4828: 檔案包含起始於位移 0x1482 的字元，在目前的來源字元集 (字碼頁 65001) 中不是合法的字元。
c:\users\user\onedrive\桌面\庠code\source\game\zombie.cpp(1): warning C4828: 檔案包含起始於位移 0x15be 的字元，在目前的來源字元集 (字碼頁 65001) 中不是合法的字元。
c:\users\user\onedrive\桌面\庠code\source\game\zombie.cpp(1): warning C4828: 檔案包含起始於位移 0x15c0 的字元，在目前的來源字元集 (字碼頁 65001) 中不是合法的字元。
c:\users\user\onedrive\桌面\庠code\source\game\zombie.cpp(1): warning C4828: 檔案包含起始於位移 0x15c1 的字元，在目前的來源字元集 (字碼頁 65001) 中不是合法的字元。
c:\users\user\onedrive\桌面\庠code\source\game\zombie.cpp(1): warning C4828: 檔案包含起始於位移 0x15c2 的字元，在目前的來源字元集 (字碼頁 65001) 中不是合法的字元。
c:\users\user\onedrive\桌面\庠code\source\game\zombie.cpp(1): warning C4828: 檔案包含起始於位移 0x15c4 的字元，在目前的來源字元集 (字碼頁 65001) 中不是合法的字元。
c:\users\user\onedrive\桌面\庠code\source\game\zombie.cpp(1): warning C4828: 檔案包含起始於位移 0x15c9 的字元，在目前的來源字元集 (字碼頁 65001) 中不是合法的字元。
c:\users\user\onedrive\桌面\庠code\source\game\zombie.cpp(1): warning C4828: 檔案包含起始於位移 0x1733 的字元，在目前的來源字元集 (字碼頁 65001) 中不是合法的字元。
c:\users\user\onedrive\桌面\庠code\source\game\zombie.cpp(1): warning C4828: 檔案包含起始於位移 0x1735 的字元，在目前的來源字元集 (字碼頁 65001) 中不是合法的字元。
c:\users\user\onedrive\桌面\庠code\source\game\zombie.cpp(1): warning C4828: 檔案包含起始於位移 0x1736 的字元，在目前的來源字元集 (字碼頁 65001) 中不是合法的字元。
c:\users\user\onedrive\桌面\庠code\source\game\zombie.cpp(1): warning C4828: 檔案包含起始於位移 0x1739 的字元，在目前的來源字元集 (字碼頁 65001) 中不是合法的字元。
c:\users\user\onedrive\桌面\庠code\source\game\zombie.cpp(1): warning C4828: 檔案包含起始於位移 0x173c 的字元，在目前的來源字元集 (字碼頁 65001) 中不是合法的字元。
c:\users\user\onedrive\桌面\庠code\source\game\zombie.cpp(1): warning C4828: 檔案包含起始於位移 0x173d 的字元，在目前的來源字元集 (字碼頁 65001) 中不是合法的字元。
c:\users\user\onedrive\桌面\庠code\source\game\zombie.cpp(1): warning C4828: 檔案包含起始於位移 0x173e 的字元，在目前的來源字元集 (字碼頁 65001) 中不是合法的字元。
c:\users\user\onedrive\桌面\庠code\source\game\zombie.cpp(1): warning C4828: 檔案包含起始於位移 0x198f 的字元，在目前的來源字元集 (字碼頁 65001) 中不是合法的字元。
c:\users\user\onedrive\桌面\庠code\source\game\zombie.cpp(1): warning C4828: 檔案包含起始於位移 0x1991 的字元，在目前的來源字元集 (字碼頁 65001) 中不是合法的字元。
c:\users\user\onedrive\桌面\庠code\source\game\zombie.cpp(1): warning C4828: 檔案包含起始於位移 0x1992 的字元，在目前的來源字元集 (字碼頁 65001) 中不是合法的字元。
c:\users\user\onedrive\桌面\庠code\source\game\zombie.cpp(1): warning C4828: 檔案包含起始於位移 0x1995 的字元，在目前的來源字元集 (字碼頁 65001) 中不是合法的字元。
c:\users\user\onedrive\桌面\庠code\source\game\zombie.cpp(1): warning C4828: 檔案包含起始於位移 0x1999 的字元，在目前的來源字元集 (字碼頁 65001) 中不是合法的字元。
c:\users\user\onedrive\桌面\庠code\source\game\zombie.cpp(1): warning C4828: 檔案包含起始於位移 0x199b 的字元，在目前的來源字元集 (字碼頁 65001) 中不是合法的字元。
c:\users\user\onedrive\桌面\庠code\source\game\zombie.cpp(1): warning C4828: 檔案包含起始於位移 0x199c 的字元，在目前的來源字元集 (字碼頁 65001) 中不是合法的字元。
c:\users\user\onedrive\桌面\庠code\source\game\zombie.cpp(1): warning C4828: 檔案包含起始於位移 0x1b7a 的字元，在目前的來源字元集 (字碼頁 65001) 中不是合法的字元。
c:\users\user\onedrive\桌面\庠code\source\game\zombie.cpp(1): warning C4828: 檔案包含起始於位移 0x1b7c 的字元，在目前的來源字元集 (字碼頁 65001) 中不是合法的字元。
c:\users\user\onedrive\桌面\庠code\source\game\zombie.cpp(1): warning C4828: 檔案包含起始於位移 0x1b7d 的字元，在目前的來源字元集 (字碼頁 65001) 中不是合法的字元。
c:\users\user\onedrive\桌面\庠code\source\game\zombie.cpp(1): warning C4828: 檔案包含起始於位移 0x1b7e 的字元，在目前的來源字元集 (字碼頁 65001) 中不是合法的字元。
c:\users\user\onedrive\桌面\庠code\source\game\zombie.cpp(1): warning C4828: 檔案包含起始於位移 0x1b80 的字元，在目前的來源字元集 (字碼頁 65001) 中不是合法的字元。
c:\users\user\onedrive\桌面\庠code\source\game\zombie.cpp(1): warning C4828: 檔案包含起始於位移 0x1b83 的字元，在目前的來源字元集 (字碼頁 65001) 中不是合法的字元。
c:\users\user\onedrive\桌面\庠code\source\game\zombie.cpp(1): warning C4828: 檔案包含起始於位移 0x1e52 的字元，在目前的來源字元集 (字碼頁 65001) 中不是合法的字元。
c:\users\user\onedrive\桌面\庠code\source\game\zombie.cpp(1): warning C4828: 檔案包含起始於位移 0x1e54 的字元，在目前的來源字元集 (字碼頁 65001) 中不是合法的字元。
c:\users\user\onedrive\桌面\庠code\source\game\zombie.cpp(1): warning C4828: 檔案包含起始於位移 0x1e55 的字元，在目前的來源字元集 (字碼頁 65001) 中不是合法的字元。
c:\users\user\onedrive\桌面\庠code\source\game\zombie.cpp(1): warning C4828: 檔案包含起始於位移 0x1e56 的字元，在目前的來源字元集 (字碼頁 65001) 中不是合法的字元。
c:\users\user\onedrive\桌面\庠code\source\game\zombie.cpp(1): warning C4828: 檔案包含起始於位移 0x1e58 的字元，在目前的來源字元集 (字碼頁 65001) 中不是合法的字元。
c:\users\user\onedrive\桌面\庠code\source\game\zombie.cpp(1): warning C4828: 檔案包含起始於位移 0x1e5e 的字元，在目前的來源字元集 (字碼頁 65001) 中不是合法的字元。
c:\users\user\onedrive\桌面\庠code\source\game\zombie.cpp(1): warning C4828: 檔案包含起始於位移 0x1e60 的字元，在目前的來源字元集 (字碼頁 65001) 中不是合法的字元。
c:\users\user\onedrive\桌面\庠code\source\game\zombie.cpp(1): warning C4828: 檔案包含起始於位移 0x1e61 的字元，在目前的來源字元集 (字碼頁 65001) 中不是合法的字元。
c:\users\user\onedrive\桌面\庠code\source\game\zombie.cpp(1): warning C4828: 檔案包含起始於位移 0x2020 的字元，在目前的來源字元集 (字碼頁 65001) 中不是合法的字元。
c:\users\user\onedrive\桌面\庠code\source\game\zombie.cpp(1): warning C4828: 檔案包含起始於位移 0x2021 的字元，在目前的來源字元集 (字碼頁 65001) 中不是合法的字元。
c:\users\user\onedrive\桌面\庠code\source\game\zombie.cpp(1): warning C4828: 檔案包含起始於位移 0x2022 的字元，在目前的來源字元集 (字碼頁 65001) 中不是合法的字元。
c:\users\user\onedrive\桌面\庠code\source\game\zombie.cpp(1): warning C4828: 檔案包含起始於位移 0x2025 的字元，在目前的來源字元集 (字碼頁 65001) 中不是合法的字元。
c:\users\user\onedrive\桌面\庠code\source\game\zombie.cpp(1): warning C4828: 檔案包含起始於位移 0x2027 的字元，在目前的來源字元集 (字碼頁 65001) 中不是合法的字元。
c:\users\user\onedrive\桌面\庠code\source\game\zombie.cpp(1): warning C4828: 檔案包含起始於位移 0x2028 的字元，在目前的來源字元集 (字碼頁 65001) 中不是合法的字元。
c:\users\user\onedrive\桌面\庠code\source\game\zombie.cpp(1): warning C4828: 檔案包含起始於位移 0x21ff 的字元，在目前的來源字元集 (字碼頁 65001) 中不是合法的字元。
c:\users\user\onedrive\桌面\庠code\source\game\zombie.cpp(1): warning C4828: 檔案包含起始於位移 0x2200 的字元，在目前的來源字元集 (字碼頁 65001) 中不是合法的字元。
c:\users\user\onedrive\桌面\庠code\source\game\zombie.cpp(1): warning C4828: 檔案包含起始於位移 0x2201 的字元，在目前的來源字元集 (字碼頁 65001) 中不是合法的字元。
c:\users\user\onedrive\桌面\庠code\source\game\zombie.cpp(1): warning C4828: 檔案包含起始於位移 0x2204 的字元，在目前的來源字元集 (字碼頁 65001) 中不是合法的字元。
c:\users\user\onedrive\桌面\庠code\source\game\zombie.cpp(1): warning C4828: 檔案包含起始於位移 0x2206 的字元，在目前的來源字元集 (字碼頁 65001) 中不是合法的字元。
c:\users\user\onedrive\桌面\庠code\source\game\zombie.cpp(1): warning C4828: 檔案包含起始於位移 0x2207 的字元，在目前的來源字元集 (字碼頁 65001) 中不是合法的字元。
c:\users\user\onedrive\桌面\庠code\source\game\zombie.cpp(1): warning C4828: 檔案包含起始於位移 0x23e2 的字元，在目前的來源字元集 (字碼頁 65001) 中不是合法的字元。
c:\users\user\onedrive\桌面\庠code\source\game\zombie.cpp(1): warning C4828: 檔案包含起始於位移 0x23e3 的字元，在目前的來源字元集 (字碼頁 65001) 中不是合法的字元。
c:\users\user\onedrive\桌面\庠code\source\game\zombie.cpp(1): warning C4828: 檔案包含起始於位移 0x23e4 的字元，在目前的來源字元集 (字碼頁 65001) 中不是合法的字元。
c:\users\user\onedrive\桌面\庠code\source\game\zombie.cpp(1): warning C4828: 檔案包含起始於位移 0x23e7 的字元，在目前的來源字元集 (字碼頁 65001) 中不是合法的字元。
c:\users\user\onedrive\桌面\庠code\source\game\zombie.cpp(1): warning C4828: 檔案包含起始於位移 0x23e9 的字元，在目前的來源字元集 (字碼頁 65001) 中不是合法的字元。
c:\users\user\onedrive\桌面\庠code\source\game\zombie.cpp(1): warning C4828: 檔案包含起始於位移 0x23ea 的字元，在目前的來源字元集 (字碼頁 65001) 中不是合法的字元。
c:\users\user\onedrive\桌面\庠code\source\game\zombie.cpp(1): warning C4828: 檔案包含起始於位移 0x25c5 的字元，在目前的來源字元集 (字碼頁 65001) 中不是合法的字元。
c:\users\user\onedrive\桌面\庠code\source\game\zombie.cpp(1): warning C4828: 檔案包含起始於位移 0x25c6 的字元，在目前的來源字元集 (字碼頁 65001) 中不是合法的字元。
c:\users\user\onedrive\桌面\庠code\source\game\zombie.cpp(1): warning C4828: 檔案包含起始於位移 0x25c7 的字元，在目前的來源字元集 (字碼頁 65001) 中不是合法的字元。
c:\users\user\onedrive\桌面\庠code\source\game\zombie.cpp(1): warning C4828: 檔案包含起始於位移 0x25ca 的字元，在目前的來源字元集 (字碼頁 65001) 中不是合法的字元。
c:\users\user\onedrive\桌面\庠code\source\game\zombie.cpp(1): warning C4828: 檔案包含起始於位移 0x25cc 的字元，在目前的來源字元集 (字碼頁 65001) 中不是合法的字元。
c:\users\user\onedrive\桌面\庠code\source\game\zombie.cpp(1): warning C4828: 檔案包含起始於位移 0x25cd 的字元，在目前的來源字元集 (字碼頁 65001) 中不是合法的字元。
c:\users\user\onedrive\桌面\庠code\source\game\zombie.cpp(1): warning C4828: 檔案包含起始於位移 0x27a4 的字元，在目前的來源字元集 (字碼頁 65001) 中不是合法的字元。
c:\users\user\onedrive\桌面\庠code\source\game\zombie.cpp(1): warning C4828: 檔案包含起始於位移 0x27a5 的字元，在目前的來源字元集 (字碼頁 65001) 中不是合法的字元。
c:\users\user\onedrive\桌面\庠code\source\game\zombie.cpp(1): warning C4828: 檔案包含起始於位移 0x27a6 的字元，在目前的來源字元集 (字碼頁 65001) 中不是合法的字元。
c:\users\user\onedrive\桌面\庠code\source\game\zombie.cpp(1): warning C4828: 檔案包含起始於位移 0x27a9 的字元，在目前的來源字元集 (字碼頁 65001) 中不是合法的字元。
c:\users\user\onedrive\桌面\庠code\source\game\zombie.cpp(1): warning C4828: 檔案包含起始於位移 0x27ab 的字元，在目前的來源字元集 (字碼頁 65001) 中不是合法的字元。
c:\users\user\onedrive\桌面\庠code\source\game\zombie.cpp(1): warning C4828: 檔案包含起始於位移 0x27ac 的字元，在目前的來源字元集 (字碼頁 65001) 中不是合法的字元。
c:\users\user\onedrive\桌面\庠code\source\game\zombie.cpp(1): warning C4828: 檔案包含起始於位移 0x27ad 的字元，在目前的來源字元集 (字碼頁 65001) 中不是合法的字元。
c:\users\user\onedrive\桌面\庠code\source\game\zombie.cpp(1): warning C4828: 檔案包含起始於位移 0x2985 的字元，在目前的來源字元集 (字碼頁 65001) 中不是合法的字元。
c:\users\user\onedrive\桌面\庠code\source\game\zombie.cpp(1): warning C4828: 檔案包含起始於位移 0x298e 的字元，在目前的來源字元集 (字碼頁 65001) 中不是合法的字元。
c:\users\user\onedrive\桌面\庠code\source\game\zombie.cpp(1): warning C4828: 檔案包含起始於位移 0x2990 的字元，在目前的來源字元集 (字碼頁 65001) 中不是合法的字元。
c:\users\user\onedrive\桌面\庠code\source\game\zombie.cpp(1): warning C4828: 檔案包含起始於位移 0x2991 的字元，在目前的來源字元集 (字碼頁 65001) 中不是合法的字元。
c:\users\user\onedrive\桌面\庠code\source\game\zombie.cpp(1): warning C4828: 檔案包含起始於位移 0x2b51 的字元，在目前的來源字元集 (字碼頁 65001) 中不是合法的字元。
c:\users\user\onedrive\桌面\庠code\source\game\zombie.cpp(1): warning C4828: 檔案包含起始於位移 0x2b5a 的字元，在目前的來源字元集 (字碼頁 65001) 中不是合法的字元。
c:\users\user\onedrive\桌面\庠code\source\game\zombie.cpp(1): warning C4828: 檔案包含起始於位移 0x2b5c 的字元，在目前的來源字元集 (字碼頁 65001) 中不是合法的字元。
c:\users\user\onedrive\桌面\庠code\source\game\zombie.cpp(1): warning C4828: 檔案包含起始於位移 0x2b5d 的字元，在目前的來源字元集 (字碼頁 65001) 中不是合法的字元。
c:\users\user\onedrive\桌面\庠code\source\game\zombie.cpp(1): warning C4828: 檔案包含起始於位移 0x2d1e 的字元，在目前的來源字元集 (字碼頁 65001) 中不是合法的字元。
c:\users\user\onedrive\桌面\庠code\source\game\zombie.cpp(1): warning C4828: 檔案包含起始於位移 0x2d27 的字元，在目前的來源字元集 (字碼頁 65001) 中不是合法的字元。
c:\users\user\onedrive\桌面\庠code\source\game\zombie.cpp(1): warning C4828: 檔案包含起始於位移 0x2d29 的字元，在目前的來源字元集 (字碼頁 65001) 中不是合法的字元。
c:\users\user\onedrive\桌面\庠code\source\game\zombie.cpp(1): warning C4828: 檔案包含起始於位移 0x2d2a 的字元，在目前的來源字元集 (字碼頁 65001) 中不是合法的字元。
c:\users\user\onedrive\桌面\庠code\source\game\zombie.cpp(1): warning C4828: 檔案包含起始於位移 0x2eeb 的字元，在目前的來源字元集 (字碼頁 65001) 中不是合法的字元。
c:\users\user\onedrive\桌面\庠code\source\game\zombie.cpp(1): warning C4828: 檔案包含起始於位移 0x2ef4 的字元，在目前的來源字元集 (字碼頁 65001) 中不是合法的字元。
c:\users\user\onedrive\桌面\庠code\source\game\zombie.cpp(1): warning C4828: 檔案包含起始於位移 0x2ef6 的字元，在目前的來源字元集 (字碼頁 65001) 中不是合法的字元。
c:\users\user\onedrive\桌面\庠code\source\game\zombie.cpp(1): warning C4828: 檔案包含起始於位移 0x2ef7 的字元，在目前的來源字元集 (字碼頁 65001) 中不是合法的字元。
c:\users\user\onedrive\桌面\庠code\source\game\zombie.cpp(1): warning C4828: 檔案包含起始於位移 0x30b7 的字元，在目前的來源字元集 (字碼頁 65001) 中不是合法的字元。
c:\users\user\onedrive\桌面\庠code\source\game\zombie.cpp(1): warning C4828: 檔案包含起始於位移 0x30c0 的字元，在目前的來源字元集 (字碼頁 65001) 中不是合法的字元。
c:\users\user\onedrive\桌面\庠code\source\game\zombie.cpp(1): warning C4828: 檔案包含起始於位移 0x30c2 的字元，在目前的來源字元集 (字碼頁 65001) 中不是合法的字元。
c:\users\user\onedrive\桌面\庠code\source\game\zombie.cpp(1): warning C4828: 檔案包含起始於位移 0x30c3 的字元，在目前的來源字元集 (字碼頁 65001) 中不是合法的字元。
c:\users\user\onedrive\桌面\庠code\source\game\zombie.cpp(1): warning C4828: 檔案包含起始於位移 0x3282 的字元，在目前的來源字元集 (字碼頁 65001) 中不是合法的字元。
c:\users\user\onedrive\桌面\庠code\source\game\zombie.cpp(1): warning C4828: 檔案包含起始於位移 0x3284 的字元，在目前的來源字元集 (字碼頁 65001) 中不是合法的字元。
c:\users\user\onedrive\桌面\庠code\source\game\zombie.cpp(1): warning C4828: 檔案包含起始於位移 0x3286 的字元，在目前的來源字元集 (字碼頁 65001) 中不是合法的字元。
c:\users\user\onedrive\桌面\庠code\source\game\zombie.cpp(1): warning C4828: 檔案包含起始於位移 0x3289 的字元，在目前的來源字元集 (字碼頁 65001) 中不是合法的字元。
c:\users\user\onedrive\桌面\庠code\source\game\zombie.cpp(1): warning C4828: 檔案包含起始於位移 0x328b 的字元，在目前的來源字元集 (字碼頁 65001) 中不是合法的字元。
c:\users\user\onedrive\桌面\庠code\source\game\zombie.cpp(1): warning C4828: 檔案包含起始於位移 0x328d 的字元，在目前的來源字元集 (字碼頁 65001) 中不是合法的字元。
c:\users\user\onedrive\桌面\庠code\source\game\zombie.cpp(1): warning C4828: 檔案包含起始於位移 0x328e 的字元，在目前的來源字元集 (字碼頁 65001) 中不是合法的字元。
c:\users\user\onedrive\桌面\庠code\source\game\zombie.cpp(1): warning C4828: 檔案包含起始於位移 0x3525 的字元，在目前的來源字元集 (字碼頁 65001) 中不是合法的字元。
c:\users\user\onedrive\桌面\庠code\source\game\zombie.cpp(1): warning C4828: 檔案包含起始於位移 0x3527 的字元，在目前的來源字元集 (字碼頁 65001) 中不是合法的字元。
c:\users\user\onedrive\桌面\庠code\source\game\zombie.cpp(1): warning C4828: 檔案包含起始於位移 0x3529 的字元，在目前的來源字元集 (字碼頁 65001) 中不是合法的字元。
c:\users\user\onedrive\桌面\庠code\source\game\zombie.cpp(1): warning C4828: 檔案包含起始於位移 0x352f 的字元，在目前的來源字元集 (字碼頁 65001) 中不是合法的字元。
c:\users\user\onedrive\桌面\庠code\source\game\zombie.cpp(1): warning C4828: 檔案包含起始於位移 0x3531 的字元，在目前的來源字元集 (字碼頁 65001) 中不是合法的字元。
c:\users\user\onedrive\桌面\庠code\source\game\zombie.cpp(1): warning C4828: 檔案包含起始於位移 0x3532 的字元，在目前的來源字元集 (字碼頁 65001) 中不是合法的字元。
c:\users\user\onedrive\桌面\庠code\source\game\zombie.cpp(1): warning C4828: 檔案包含起始於位移 0x373a 的字元，在目前的來源字元集 (字碼頁 65001) 中不是合法的字元。
c:\users\user\onedrive\桌面\庠code\source\game\zombie.cpp(1): warning C4828: 檔案包含起始於位移 0x373c 的字元，在目前的來源字元集 (字碼頁 65001) 中不是合法的字元。
c:\users\user\onedrive\桌面\庠code\source\game\zombie.cpp(1): warning C4828: 檔案包含起始於位移 0x373e 的字元，在目前的來源字元集 (字碼頁 65001) 中不是合法的字元。
c:\users\user\onedrive\桌面\庠code\source\game\zombie.cpp(1): warning C4828: 檔案包含起始於位移 0x3741 的字元，在目前的來源字元集 (字碼頁 65001) 中不是合法的字元。
c:\users\user\onedrive\桌面\庠code\source\game\zombie.cpp(1): warning C4828: 檔案包含起始於位移 0x3923 的字元，在目前的來源字元集 (字碼頁 65001) 中不是合法的字元。
c:\users\user\onedrive\桌面\庠code\source\game\zombie.cpp(1): warning C4828: 檔案包含起始於位移 0x3925 的字元，在目前的來源字元集 (字碼頁 65001) 中不是合法的字元。
c:\users\user\onedrive\桌面\庠code\source\game\zombie.cpp(1): warning C4828: 檔案包含起始於位移 0x3927 的字元，在目前的來源字元集 (字碼頁 65001) 中不是合法的字元。
c:\users\user\onedrive\桌面\庠code\source\game\zombie.cpp(1): warning C4828: 檔案包含起始於位移 0x392d 的字元，在目前的來源字元集 (字碼頁 65001) 中不是合法的字元。
c:\users\user\onedrive\桌面\庠code\source\game\zombie.cpp(1): warning C4828: 檔案包含起始於位移 0x392f 的字元，在目前的來源字元集 (字碼頁 65001) 中不是合法的字元。
c:\users\user\onedrive\桌面\庠code\source\game\zombie.cpp(1): warning C4828: 檔案包含起始於位移 0x3930 的字元，在目前的來源字元集 (字碼頁 65001) 中不是合法的字元。
c:\users\user\onedrive\桌面\庠code\source\game\zombie.cpp(1): warning C4828: 檔案包含起始於位移 0x3b21 的字元，在目前的來源字元集 (字碼頁 65001) 中不是合法的字元。
c:\users\user\onedrive\桌面\庠code\source\game\zombie.cpp(1): warning C4828: 檔案包含起始於位移 0x3b23 的字元，在目前的來源字元集 (字碼頁 65001) 中不是合法的字元。
c:\users\user\onedrive\桌面\庠code\source\game\zombie.cpp(1): warning C4828: 檔案包含起始於位移 0x3b25 的字元，在目前的來源字元集 (字碼頁 65001) 中不是合法的字元。
c:\users\user\onedrive\桌面\庠code\source\game\zombie.cpp(1): warning C4828: 檔案包含起始於位移 0x3b2b 的字元，在目前的來源字元集 (字碼頁 65001) 中不是合法的字元。
c:\users\user\onedrive\桌面\庠code\source\game\zombie.cpp(1): warning C4828: 檔案包含起始於位移 0x3d63 的字元，在目前的來源字元集 (字碼頁 65001) 中不是合法的字元。
c:\users\user\onedrive\桌面\庠code\source\game\zombie.cpp(1): warning C4828: 檔案包含起始於位移 0x3d65 的字元，在目前的來源字元集 (字碼頁 65001) 中不是合法的字元。
c:\users\user\onedrive\桌面\庠code\source\game\zombie.cpp(1): warning C4828: 檔案包含起始於位移 0x3d67 的字元，在目前的來源字元集 (字碼頁 65001) 中不是合法的字元。
c:\users\user\onedrive\桌面\庠code\source\game\zombie.cpp(1): warning C4828: 檔案包含起始於位移 0x3d6d 的字元，在目前的來源字元集 (字碼頁 65001) 中不是合法的字元。
c:\users\user\onedrive\桌面\庠code\source\game\zombie.cpp(1): warning C4828: 檔案包含起始於位移 0x3d6f 的字元，在目前的來源字元集 (字碼頁 65001) 中不是合法的字元。
c:\users\user\onedrive\桌面\庠code\source\game\zombie.cpp(1): warning C4828: 檔案包含起始於位移 0x3d71 的字元，在目前的來源字元集 (字碼頁 65001) 中不是合法的字元。
c:\users\user\onedrive\桌面\庠code\source\game\zombie.cpp(1): warning C4828: 檔案包含起始於位移 0x3d73 的字元，在目前的來源字元集 (字碼頁 65001) 中不是合法的字元。
c:\users\user\onedrive\桌面\庠code\source\game\zombie.cpp(1): warning C4828: 檔案包含起始於位移 0x3d74 的字元，在目前的來源字元集 (字碼頁 65001) 中不是合法的字元。
c:\users\user\onedrive\桌面\庠code\source\game\zombie.cpp(1): warning C4828: 檔案包含起始於位移 0x3fb2 的字元，在目前的來源字元集 (字碼頁 65001) 中不是合法的字元。
c:\users\user\onedrive\桌面\庠code\source\game\zombie.cpp(1): warning C4828: 檔案包含起始於位移 0x3fb3 的字元，在目前的來源字元集 (字碼頁 65001) 中不是合法的字元。
c:\users\user\onedrive\桌面\庠code\source\game\zombie.cpp(1): warning C4828: 檔案包含起始於位移 0x3fb4 的字元，在目前的來源字元集 (字碼頁 65001) 中不是合法的字元。
c:\users\user\onedrive\桌面\庠code\source\game\zombie.cpp(1): warning C4828: 檔案包含起始於位移 0x4087 的字元，在目前的來源字元集 (字碼頁 65001) 中不是合法的字元。
c:\users\user\onedrive\桌面\庠code\source\game\zombie.cpp(1): warning C4828: 檔案包含起始於位移 0x4089 的字元，在目前的來源字元集 (字碼頁 65001) 中不是合法的字元。
c:\users\user\onedrive\桌面\庠code\source\game\zombie.cpp(1): warning C4828: 檔案包含起始於位移 0x408a 的字元，在目前的來源字元集 (字碼頁 65001) 中不是合法的字元。
c:\users\user\onedrive\桌面\庠code\source\game\zombie.cpp(1): warning C4828: 檔案包含起始於位移 0x408d 的字元，在目前的來源字元集 (字碼頁 65001) 中不是合法的字元。
c:\users\user\onedrive\桌面\庠code\source\game\zombie.cpp(1): warning C4828: 檔案包含起始於位移 0x4090 的字元，在目前的來源字元集 (字碼頁 65001) 中不是合法的字元。
c:\users\user\onedrive\桌面\庠code\source\game\zombie.cpp(1): warning C4828: 檔案包含起始於位移 0x4091 的字元，在目前的來源字元集 (字碼頁 65001) 中不是合法的字元。
c:\users\user\onedrive\桌面\庠code\source\game\zombie.cpp(1): warning C4828: 檔案包含起始於位移 0x4092 的字元，在目前的來源字元集 (字碼頁 65001) 中不是合法的字元。
c:\users\user\onedrive\桌面\庠code\source\game\zombie.cpp(1): warning C4828: 檔案包含起始於位移 0x4093 的字元，在目前的來源字元集 (字碼頁 65001) 中不是合法的字元。
c:\users\user\onedrive\桌面\庠code\source\game\zombie.cpp(1): warning C4828: 檔案包含起始於位移 0x42f4 的字元，在目前的來源字元集 (字碼頁 65001) 中不是合法的字元。
c:\users\user\onedrive\桌面\庠code\source\game\zombie.cpp(1): warning C4828: 檔案包含起始於位移 0x42f6 的字元，在目前的來源字元集 (字碼頁 65001) 中不是合法的字元。
c:\users\user\onedrive\桌面\庠code\source\game\zombie.cpp(1): warning C4828: 檔案包含起始於位移 0x42f7 的字元，在目前的來源字元集 (字碼頁 65001) 中不是合法的字元。
c:\users\user\onedrive\桌面\庠code\source\game\zombie.cpp(1): warning C4828: 檔案包含起始於位移 0x42fa 的字元，在目前的來源字元集 (字碼頁 65001) 中不是合法的字元。
c:\users\user\onedrive\桌面\庠code\source\game\zombie.cpp(1): warning C4828: 檔案包含起始於位移 0x42fb 的字元，在目前的來源字元集 (字碼頁 65001) 中不是合法的字元。
c:\users\user\onedrive\桌面\庠code\source\game\zombie.cpp(1): warning C4828: 檔案包含起始於位移 0x42fd 的字元，在目前的來源字元集 (字碼頁 65001) 中不是合法的字元。
c:\users\user\onedrive\桌面\庠code\source\game\zombie.cpp(1): warning C4828: 檔案包含起始於位移 0x42fe 的字元，在目前的來源字元集 (字碼頁 65001) 中不是合法的字元。
c:\users\user\onedrive\桌面\庠code\source\game\zombie.cpp(1): warning C4828: 檔案包含起始於位移 0x42ff 的字元，在目前的來源字元集 (字碼頁 65001) 中不是合法的字元。
c:\users\user\onedrive\桌面\庠code\source\game\zombie.cpp(1): warning C4828: 檔案包含起始於位移 0x4300 的字元，在目前的來源字元集 (字碼頁 65001) 中不是合法的字元。
c:\users\user\onedrive\桌面\庠code\source\game\zombie.cpp(1): warning C4828: 檔案包含起始於位移 0x4301 的字元，在目前的來源字元集 (字碼頁 65001) 中不是合法的字元。
c:\users\user\onedrive\桌面\庠code\source\game\zombie.cpp(1): warning C4828: 檔案包含起始於位移 0x4578 的字元，在目前的來源字元集 (字碼頁 65001) 中不是合法的字元。
c:\users\user\onedrive\桌面\庠code\source\game\zombie.cpp(1): warning C4828: 檔案包含起始於位移 0x457a 的字元，在目前的來源字元集 (字碼頁 65001) 中不是合法的字元。
c:\users\user\onedrive\桌面\庠code\source\game\zombie.cpp(1): warning C4828: 檔案包含起始於位移 0x457b 的字元，在目前的來源字元集 (字碼頁 65001) 中不是合法的字元。
c:\users\user\onedrive\桌面\庠code\source\game\zombie.cpp(1): warning C4828: 檔案包含起始於位移 0x457e 的字元，在目前的來源字元集 (字碼頁 65001) 中不是合法的字元。
c:\users\user\onedrive\桌面\庠code\source\game\zombie.cpp(1): warning C4828: 檔案包含起始於位移 0x457f 的字元，在目前的來源字元集 (字碼頁 65001) 中不是合法的字元。
c:\users\user\onedrive\桌面\庠code\source\game\zombie.cpp(1): warning C4828: 檔案包含起始於位移 0x4581 的字元，在目前的來源字元集 (字碼頁 65001) 中不是合法的字元。
c:\users\user\onedrive\桌面\庠code\source\game\zombie.cpp(1): warning C4828: 檔案包含起始於位移 0x4582 的字元，在目前的來源字元集 (字碼頁 65001) 中不是合法的字元。
c:\users\user\onedrive\桌面\庠code\source\game\zombie.cpp(1): warning C4828: 檔案包含起始於位移 0x4583 的字元，在目前的來源字元集 (字碼頁 65001) 中不是合法的字元。
c:\users\user\onedrive\桌面\庠code\source\game\zombie.cpp(1): warning C4828: 檔案包含起始於位移 0x4584 的字元，在目前的來源字元集 (字碼頁 65001) 中不是合法的字元。
c:\users\user\onedrive\桌面\庠code\source\game\zombie.cpp(1): warning C4828: 檔案包含起始於位移 0x4585 的字元，在目前的來源字元集 (字碼頁 65001) 中不是合法的字元。
c:\users\user\onedrive\桌面\庠code\source\game\zombie.cpp(1): warning C4828: 檔案包含起始於位移 0x47fc 的字元，在目前的來源字元集 (字碼頁 65001) 中不是合法的字元。
c:\users\user\onedrive\桌面\庠code\source\game\zombie.cpp(1): warning C4828: 檔案包含起始於位移 0x47fe 的字元，在目前的來源字元集 (字碼頁 65001) 中不是合法的字元。
c:\users\user\onedrive\桌面\庠code\source\game\zombie.cpp(1): warning C4828: 檔案包含起始於位移 0x47ff 的字元，在目前的來源字元集 (字碼頁 65001) 中不是合法的字元。
c:\users\user\onedrive\桌面\庠code\source\game\zombie.cpp(1): warning C4828: 檔案包含起始於位移 0x4802 的字元，在目前的來源字元集 (字碼頁 65001) 中不是合法的字元。
c:\users\user\onedrive\桌面\庠code\source\game\zombie.cpp(1): warning C4828: 檔案包含起始於位移 0x4805 的字元，在目前的來源字元集 (字碼頁 65001) 中不是合法的字元。
c:\users\user\onedrive\桌面\庠code\source\game\zombie.cpp(1): warning C4828: 檔案包含起始於位移 0x4806 的字元，在目前的來源字元集 (字碼頁 65001) 中不是合法的字元。
c:\users\user\onedrive\桌面\庠code\source\game\zombie.cpp(1): warning C4828: 檔案包含起始於位移 0x4807 的字元，在目前的來源字元集 (字碼頁 65001) 中不是合法的字元。
c:\users\user\onedrive\桌面\庠code\source\game\zombie.cpp(1): warning C4828: 檔案包含起始於位移 0x4808 的字元，在目前的來源字元集 (字碼頁 65001) 中不是合法的字元。
c:\users\user\onedrive\桌面\庠code\source\game\zombie.cpp(1): warning C4828: 檔案包含起始於位移 0x4a69 的字元，在目前的來源字元集 (字碼頁 65001) 中不是合法的字元。
c:\users\user\onedrive\桌面\庠code\source\game\zombie.cpp(1): warning C4828: 檔案包含起始於位移 0x4a6b 的字元，在目前的來源字元集 (字碼頁 65001) 中不是合法的字元。
c:\users\user\onedrive\桌面\庠code\source\game\zombie.cpp(1): warning C4828: 檔案包含起始於位移 0x4a6c 的字元，在目前的來源字元集 (字碼頁 65001) 中不是合法的字元。
c:\users\user\onedrive\桌面\庠code\source\game\zombie.cpp(1): warning C4828: 檔案包含起始於位移 0x4a6d 的字元，在目前的來源字元集 (字碼頁 65001) 中不是合法的字元。
c:\users\user\onedrive\桌面\庠code\source\game\zombie.cpp(1): warning C4828: 檔案包含起始於位移 0x4a6f 的字元，在目前的來源字元集 (字碼頁 65001) 中不是合法的字元。
c:\users\user\onedrive\桌面\庠code\source\game\zombie.cpp(1): warning C4828: 檔案包含起始於位移 0x4a74 的字元，在目前的來源字元集 (字碼頁 65001) 中不是合法的字元。
c:\users\user\onedrive\桌面\庠code\source\game\zombie.cpp(1): warning C4828: 檔案包含起始於位移 0x4a75 的字元，在目前的來源字元集 (字碼頁 65001) 中不是合法的字元。
c:\users\user\onedrive\桌面\庠code\source\game\zombie.cpp(1): warning C4828: 檔案包含起始於位移 0x4a76 的字元，在目前的來源字元集 (字碼頁 65001) 中不是合法的字元。
c:\users\user\onedrive\桌面\庠code\source\game\zombie.cpp(1): warning C4828: 檔案包含起始於位移 0x4a77 的字元，在目前的來源字元集 (字碼頁 65001) 中不是合法的字元。
c:\users\user\onedrive\桌面\庠code\source\game\zombie.cpp(1): warning C4828: 檔案包含起始於位移 0x4d66 的字元，在目前的來源字元集 (字碼頁 65001) 中不是合法的字元。
c:\users\user\onedrive\桌面\庠code\source\game\zombie.cpp(1): warning C4828: 檔案包含起始於位移 0x4d68 的字元，在目前的來源字元集 (字碼頁 65001) 中不是合法的字元。
c:\users\user\onedrive\桌面\庠code\source\game\zombie.cpp(1): warning C4828: 檔案包含起始於位移 0x4d69 的字元，在目前的來源字元集 (字碼頁 65001) 中不是合法的字元。
c:\users\user\onedrive\桌面\庠code\source\game\zombie.cpp(1): warning C4828: 檔案包含起始於位移 0x4d6c 的字元，在目前的來源字元集 (字碼頁 65001) 中不是合法的字元。
c:\users\user\onedrive\桌面\庠code\source\game\zombie.cpp(1): warning C4828: 檔案包含起始於位移 0x4d6f 的字元，在目前的來源字元集 (字碼頁 65001) 中不是合法的字元。
c:\users\user\onedrive\桌面\庠code\source\game\zombie.cpp(1): warning C4828: 檔案包含起始於位移 0x4d70 的字元，在目前的來源字元集 (字碼頁 65001) 中不是合法的字元。
c:\users\user\onedrive\桌面\庠code\source\game\zombie.cpp(1): warning C4828: 檔案包含起始於位移 0x4d71 的字元，在目前的來源字元集 (字碼頁 65001) 中不是合法的字元。
c:\users\user\onedrive\桌面\庠code\source\game\zombie.cpp(1): warning C4828: 檔案包含起始於位移 0x4d76 的字元，在目前的來源字元集 (字碼頁 65001) 中不是合法的字元。
c:\users\user\onedrive\桌面\庠code\source\game\zombie.cpp(1): warning C4828: 檔案包含起始於位移 0x4d78 的字元，在目前的來源字元集 (字碼頁 65001) 中不是合法的字元。
c:\users\user\onedrive\桌面\庠code\source\game\zombie.cpp(1): warning C4828: 檔案包含起始於位移 0x4d7c 的字元，在目前的來源字元集 (字碼頁 65001) 中不是合法的字元。
c:\users\user\onedrive\桌面\庠code\source\game\zombie.cpp(1): warning C4828: 檔案包含起始於位移 0x4d80 的字元，在目前的來源字元集 (字碼頁 65001) 中不是合法的字元。
c:\users\user\onedrive\桌面\庠code\source\game\zombie.cpp(1): warning C4828: 檔案包含起始於位移 0x4d82 的字元，在目前的來源字元集 (字碼頁 65001) 中不是合法的字元。
c:\users\user\onedrive\桌面\庠code\source\game\zombie.cpp(1): warning C4828: 檔案包含起始於位移 0x4d84 的字元，在目前的來源字元集 (字碼頁 65001) 中不是合法的字元。
c:\users\user\onedrive\桌面\庠code\source\game\zombie.cpp(1): warning C4828: 檔案包含起始於位移 0x4d88 的字元，在目前的來源字元集 (字碼頁 65001) 中不是合法的字元。
c:\users\user\onedrive\桌面\庠code\source\game\zombie.cpp(1): warning C4828: 檔案包含起始於位移 0x4d89 的字元，在目前的來源字元集 (字碼頁 65001) 中不是合法的字元。
c:\users\user\onedrive\桌面\庠code\source\game\zombie.cpp(1): warning C4828: 檔案包含起始於位移 0x4d8a 的字元，在目前的來源字元集 (字碼頁 65001) 中不是合法的字元。
c:\users\user\onedrive\桌面\庠code\source\game\zombie.cpp(1): warning C4828: 檔案包含起始於位移 0x4ef0 的字元，在目前的來源字元集 (字碼頁 65001) 中不是合法的字元。
c:\users\user\onedrive\桌面\庠code\source\game\zombie.cpp(1): warning C4828: 檔案包含起始於位移 0x4ef2 的字元，在目前的來源字元集 (字碼頁 65001) 中不是合法的字元。
c:\users\user\onedrive\桌面\庠code\source\game\zombie.cpp(1): warning C4828: 檔案包含起始於位移 0x4ef3 的字元，在目前的來源字元集 (字碼頁 65001) 中不是合法的字元。
c:\users\user\onedrive\桌面\庠code\source\game\zombie.cpp(1): warning C4828: 檔案包含起始於位移 0x4ef6 的字元，在目前的來源字元集 (字碼頁 65001) 中不是合法的字元。
c:\users\user\onedrive\桌面\庠code\source\game\zombie.cpp(1): warning C4828: 檔案包含起始於位移 0x4ef7 的字元，在目前的來源字元集 (字碼頁 65001) 中不是合法的字元。
c:\users\user\onedrive\桌面\庠code\source\game\zombie.cpp(1): warning C4828: 檔案包含起始於位移 0x4ef9 的字元，在目前的來源字元集 (字碼頁 65001) 中不是合法的字元。
c:\users\user\onedrive\桌面\庠code\source\game\zombie.cpp(1): warning C4828: 檔案包含起始於位移 0x4efa 的字元，在目前的來源字元集 (字碼頁 65001) 中不是合法的字元。
c:\users\user\onedrive\桌面\庠code\source\game\zombie.cpp(1): warning C4828: 檔案包含起始於位移 0x4efb 的字元，在目前的來源字元集 (字碼頁 65001) 中不是合法的字元。
c:\users\user\onedrive\桌面\庠code\source\game\zombie.cpp(1): warning C4828: 檔案包含起始於位移 0x4efc 的字元，在目前的來源字元集 (字碼頁 65001) 中不是合法的字元。
c:\users\user\onedrive\桌面\庠code\source\game\zombie.cpp(1): warning C4828: 檔案包含起始於位移 0x4f01 的字元，在目前的來源字元集 (字碼頁 65001) 中不是合法的字元。
c:\users\user\onedrive\桌面\庠code\source\game\zombie.cpp(1): warning C4828: 檔案包含起始於位移 0x4f03 的字元，在目前的來源字元集 (字碼頁 65001) 中不是合法的字元。
c:\users\user\onedrive\桌面\庠code\source\game\zombie.cpp(1): warning C4828: 檔案包含起始於位移 0x4f07 的字元，在目前的來源字元集 (字碼頁 65001) 中不是合法的字元。
c:\users\user\onedrive\桌面\庠code\source\game\zombie.cpp(1): warning C4828: 檔案包含起始於位移 0x4f0b 的字元，在目前的來源字元集 (字碼頁 65001) 中不是合法的字元。
c:\users\user\onedrive\桌面\庠code\source\game\zombie.cpp(1): warning C4828: 檔案包含起始於位移 0x4f0d 的字元，在目前的來源字元集 (字碼頁 65001) 中不是合法的字元。
c:\users\user\onedrive\桌面\庠code\source\game\zombie.cpp(1): warning C4828: 檔案包含起始於位移 0x4f0f 的字元，在目前的來源字元集 (字碼頁 65001) 中不是合法的字元。
c:\users\user\onedrive\桌面\庠code\source\game\zombie.cpp(1): warning C4828: 檔案包含起始於位移 0x4f13 的字元，在目前的來源字元集 (字碼頁 65001) 中不是合法的字元。
c:\users\user\onedrive\桌面\庠code\source\game\zombie.cpp(1): warning C4828: 檔案包含起始於位移 0x4f14 的字元，在目前的來源字元集 (字碼頁 65001) 中不是合法的字元。
c:\users\user\onedrive\桌面\庠code\source\game\zombie.cpp(1): warning C4828: 檔案包含起始於位移 0x4f15 的字元，在目前的來源字元集 (字碼頁 65001) 中不是合法的字元。
c:\users\user\onedrive\桌面\庠code\source\game\zombie.cpp(1): warning C4828: 檔案包含起始於位移 0x5088 的字元，在目前的來源字元集 (字碼頁 65001) 中不是合法的字元。
c:\users\user\onedrive\桌面\庠code\source\game\zombie.cpp(1): warning C4828: 檔案包含起始於位移 0x508a 的字元，在目前的來源字元集 (字碼頁 65001) 中不是合法的字元。
c:\users\user\onedrive\桌面\庠code\source\game\zombie.cpp(1): warning C4828: 檔案包含起始於位移 0x508b 的字元，在目前的來源字元集 (字碼頁 65001) 中不是合法的字元。
c:\users\user\onedrive\桌面\庠code\source\game\zombie.cpp(1): warning C4828: 檔案包含起始於位移 0x508e 的字元，在目前的來源字元集 (字碼頁 65001) 中不是合法的字元。
c:\users\user\onedrive\桌面\庠code\source\game\zombie.cpp(1): warning C4828: 檔案包含起始於位移 0x508f 的字元，在目前的來源字元集 (字碼頁 65001) 中不是合法的字元。
c:\users\user\onedrive\桌面\庠code\source\game\zombie.cpp(1): warning C4828: 檔案包含起始於位移 0x5091 的字元，在目前的來源字元集 (字碼頁 65001) 中不是合法的字元。
c:\users\user\onedrive\桌面\庠code\source\game\zombie.cpp(1): warning C4828: 檔案包含起始於位移 0x5092 的字元，在目前的來源字元集 (字碼頁 65001) 中不是合法的字元。
c:\users\user\onedrive\桌面\庠code\source\game\zombie.cpp(1): warning C4828: 檔案包含起始於位移 0x5093 的字元，在目前的來源字元集 (字碼頁 65001) 中不是合法的字元。
c:\users\user\onedrive\桌面\庠code\source\game\zombie.cpp(1): warning C4828: 檔案包含起始於位移 0x5094 的字元，在目前的來源字元集 (字碼頁 65001) 中不是合法的字元。
c:\users\user\onedrive\桌面\庠code\source\game\zombie.cpp(1): warning C4828: 檔案包含起始於位移 0x5099 的字元，在目前的來源字元集 (字碼頁 65001) 中不是合法的字元。
c:\users\user\onedrive\桌面\庠code\source\game\zombie.cpp(1): warning C4828: 檔案包含起始於位移 0x509b 的字元，在目前的來源字元集 (字碼頁 65001) 中不是合法的字元。
c:\users\user\onedrive\桌面\庠code\source\game\zombie.cpp(1): warning C4828: 檔案包含起始於位移 0x509f 的字元，在目前的來源字元集 (字碼頁 65001) 中不是合法的字元。
c:\users\user\onedrive\桌面\庠code\source\game\zombie.cpp(1): warning C4828: 檔案包含起始於位移 0x50a3 的字元，在目前的來源字元集 (字碼頁 65001) 中不是合法的字元。
c:\users\user\onedrive\桌面\庠code\source\game\zombie.cpp(1): warning C4828: 檔案包含起始於位移 0x50a5 的字元，在目前的來源字元集 (字碼頁 65001) 中不是合法的字元。
c:\users\user\onedrive\桌面\庠code\source\game\zombie.cpp(1): warning C4828: 檔案包含起始於位移 0x50a7 的字元，在目前的來源字元集 (字碼頁 65001) 中不是合法的字元。
c:\users\user\onedrive\桌面\庠code\source\game\zombie.cpp(1): warning C4828: 檔案包含起始於位移 0x50ab 的字元，在目前的來源字元集 (字碼頁 65001) 中不是合法的字元。
c:\users\user\onedrive\桌面\庠code\source\game\zombie.cpp(1): warning C4828: 檔案包含起始於位移 0x50ac 的字元，在目前的來源字元集 (字碼頁 65001) 中不是合法的字元。
c:\users\user\onedrive\桌面\庠code\source\game\zombie.cpp(1): warning C4828: 檔案包含起始於位移 0x50ad 的字元，在目前的來源字元集 (字碼頁 65001) 中不是合法的字元。
c:\users\user\onedrive\桌面\庠code\source\game\zombie.cpp(1): warning C4828: 檔案包含起始於位移 0x5221 的字元，在目前的來源字元集 (字碼頁 65001) 中不是合法的字元。
c:\users\user\onedrive\桌面\庠code\source\game\zombie.cpp(1): warning C4828: 檔案包含起始於位移 0x5223 的字元，在目前的來源字元集 (字碼頁 65001) 中不是合法的字元。
c:\users\user\onedrive\桌面\庠code\source\game\zombie.cpp(1): warning C4828: 檔案包含起始於位移 0x5224 的字元，在目前的來源字元集 (字碼頁 65001) 中不是合法的字元。
c:\users\user\onedrive\桌面\庠code\source\game\zombie.cpp(1): warning C4828: 檔案包含起始於位移 0x5227 的字元，在目前的來源字元集 (字碼頁 65001) 中不是合法的字元。
c:\users\user\onedrive\桌面\庠code\source\game\zombie.cpp(1): warning C4828: 檔案包含起始於位移 0x522a 的字元，在目前的來源字元集 (字碼頁 65001) 中不是合法的字元。
c:\users\user\onedrive\桌面\庠code\source\game\zombie.cpp(1): warning C4828: 檔案包含起始於位移 0x522b 的字元，在目前的來源字元集 (字碼頁 65001) 中不是合法的字元。
c:\users\user\onedrive\桌面\庠code\source\game\zombie.cpp(1): warning C4828: 檔案包含起始於位移 0x522c 的字元，在目前的來源字元集 (字碼頁 65001) 中不是合法的字元。
c:\users\user\onedrive\桌面\庠code\source\game\zombie.cpp(1): warning C4828: 檔案包含起始於位移 0x5231 的字元，在目前的來源字元集 (字碼頁 65001) 中不是合法的字元。
c:\users\user\onedrive\桌面\庠code\source\game\zombie.cpp(1): warning C4828: 檔案包含起始於位移 0x5233 的字元，在目前的來源字元集 (字碼頁 65001) 中不是合法的字元。
c:\users\user\onedrive\桌面\庠code\source\game\zombie.cpp(1): warning C4828: 檔案包含起始於位移 0x5237 的字元，在目前的來源字元集 (字碼頁 65001) 中不是合法的字元。
c:\users\user\onedrive\桌面\庠code\source\game\zombie.cpp(1): warning C4828: 檔案包含起始於位移 0x523b 的字元，在目前的來源字元集 (字碼頁 65001) 中不是合法的字元。
c:\users\user\onedrive\桌面\庠code\source\game\zombie.cpp(1): warning C4828: 檔案包含起始於位移 0x523d 的字元，在目前的來源字元集 (字碼頁 65001) 中不是合法的字元。
c:\users\user\onedrive\桌面\庠code\source\game\zombie.cpp(1): warning C4828: 檔案包含起始於位移 0x523f 的字元，在目前的來源字元集 (字碼頁 65001) 中不是合法的字元。
c:\users\user\onedrive\桌面\庠code\source\game\zombie.cpp(1): warning C4828: 檔案包含起始於位移 0x5243 的字元，在目前的來源字元集 (字碼頁 65001) 中不是合法的字元。
c:\users\user\onedrive\桌面\庠code\source\game\zombie.cpp(1): warning C4828: 檔案包含起始於位移 0x5244 的字元，在目前的來源字元集 (字碼頁 65001) 中不是合法的字元。
c:\users\user\onedrive\桌面\庠code\source\game\zombie.cpp(1): warning C4828: 檔案包含起始於位移 0x5245 的字元，在目前的來源字元集 (字碼頁 65001) 中不是合法的字元。
c:\users\user\onedrive\桌面\庠code\source\game\zombie.cpp(1): warning C4828: 檔案包含起始於位移 0x53ac 的字元，在目前的來源字元集 (字碼頁 65001) 中不是合法的字元。
c:\users\user\onedrive\桌面\庠code\source\game\zombie.cpp(1): warning C4828: 檔案包含起始於位移 0x53ae 的字元，在目前的來源字元集 (字碼頁 65001) 中不是合法的字元。
c:\users\user\onedrive\桌面\庠code\source\game\zombie.cpp(1): warning C4828: 檔案包含起始於位移 0x53af 的字元，在目前的來源字元集 (字碼頁 65001) 中不是合法的字元。
c:\users\user\onedrive\桌面\庠code\source\game\zombie.cpp(1): warning C4828: 檔案包含起始於位移 0x53b0 的字元，在目前的來源字元集 (字碼頁 65001) 中不是合法的字元。
c:\users\user\onedrive\桌面\庠code\source\game\zombie.cpp(1): warning C4828: 檔案包含起始於位移 0x53b2 的字元，在目前的來源字元集 (字碼頁 65001) 中不是合法的字元。
c:\users\user\onedrive\桌面\庠code\source\game\zombie.cpp(1): warning C4828: 檔案包含起始於位移 0x53b7 的字元，在目前的來源字元集 (字碼頁 65001) 中不是合法的字元。
c:\users\user\onedrive\桌面\庠code\source\game\zombie.cpp(1): warning C4828: 檔案包含起始於位移 0x53b8 的字元，在目前的來源字元集 (字碼頁 65001) 中不是合法的字元。
c:\users\user\onedrive\桌面\庠code\source\game\zombie.cpp(1): warning C4828: 檔案包含起始於位移 0x53b9 的字元，在目前的來源字元集 (字碼頁 65001) 中不是合法的字元。
c:\users\user\onedrive\桌面\庠code\source\game\zombie.cpp(1): warning C4828: 檔案包含起始於位移 0x53be 的字元，在目前的來源字元集 (字碼頁 65001) 中不是合法的字元。
c:\users\user\onedrive\桌面\庠code\source\game\zombie.cpp(1): warning C4828: 檔案包含起始於位移 0x53c0 的字元，在目前的來源字元集 (字碼頁 65001) 中不是合法的字元。
c:\users\user\onedrive\桌面\庠code\source\game\zombie.cpp(1): warning C4828: 檔案包含起始於位移 0x53c4 的字元，在目前的來源字元集 (字碼頁 65001) 中不是合法的字元。
c:\users\user\onedrive\桌面\庠code\source\game\zombie.cpp(1): warning C4828: 檔案包含起始於位移 0x53c8 的字元，在目前的來源字元集 (字碼頁 65001) 中不是合法的字元。
c:\users\user\onedrive\桌面\庠code\source\game\zombie.cpp(1): warning C4828: 檔案包含起始於位移 0x53ca 的字元，在目前的來源字元集 (字碼頁 65001) 中不是合法的字元。
c:\users\user\onedrive\桌面\庠code\source\game\zombie.cpp(1): warning C4828: 檔案包含起始於位移 0x53cc 的字元，在目前的來源字元集 (字碼頁 65001) 中不是合法的字元。
c:\users\user\onedrive\桌面\庠code\source\game\zombie.cpp(1): warning C4828: 檔案包含起始於位移 0x53d0 的字元，在目前的來源字元集 (字碼頁 65001) 中不是合法的字元。
c:\users\user\onedrive\桌面\庠code\source\game\zombie.cpp(1): warning C4828: 檔案包含起始於位移 0x53d1 的字元，在目前的來源字元集 (字碼頁 65001) 中不是合法的字元。
c:\users\user\onedrive\桌面\庠code\source\game\zombie.cpp(1): warning C4828: 檔案包含起始於位移 0x53d2 的字元，在目前的來源字元集 (字碼頁 65001) 中不是合法的字元。
c:\users\user\onedrive\桌面\庠code\source\game\zombie.h : warning C4828: 檔案包含起始於位移 0x210 的字元，在目前的來源字元集 (字碼頁 65001) 中不是合法的字元。
c:\users\user\onedrive\桌面\庠code\source\game\zombie.h : warning C4828: 檔案包含起始於位移 0x212 的字元，在目前的來源字元集 (字碼頁 65001) 中不是合法的字元。
c:\users\user\onedrive\桌面\庠code\source\game\zombie.h : warning C4828: 檔案包含起始於位移 0x213 的字元，在目前的來源字元集 (字碼頁 65001) 中不是合法的字元。
c:\users\user\onedrive\桌面\庠code\source\game\zombie.h : warning C4828: 檔案包含起始於位移 0x214 的字元，在目前的來源字元集 (字碼頁 65001) 中不是合法的字元。
c:\users\user\onedrive\桌面\庠code\source\game\zombie.h : warning C4828: 檔案包含起始於位移 0x215 的字元，在目前的來源字元集 (字碼頁 65001) 中不是合法的字元。
c:\users\user\onedrive\桌面\庠code\source\game\zombie.h : warning C4828: 檔案包含起始於位移 0x216 的字元，在目前的來源字元集 (字碼頁 65001) 中不是合法的字元。
c:\users\user\onedrive\桌面\庠code\source\game\zombie.h : warning C4828: 檔案包含起始於位移 0x217 的字元，在目前的來源字元集 (字碼頁 65001) 中不是合法的字元。
c:\users\user\onedrive\桌面\庠code\source\game\zombie.h : warning C4828: 檔案包含起始於位移 0x21a 的字元，在目前的來源字元集 (字碼頁 65001) 中不是合法的字元。
c:\users\user\onedrive\桌面\庠code\source\game\zombie.h : warning C4828: 檔案包含起始於位移 0x222 的字元，在目前的來源字元集 (字碼頁 65001) 中不是合法的字元。
c:\users\user\onedrive\桌面\庠code\source\game\zombie.h : warning C4828: 檔案包含起始於位移 0x240 的字元，在目前的來源字元集 (字碼頁 65001) 中不是合法的字元。
c:\users\user\onedrive\桌面\庠code\source\game\zombie.h : warning C4828: 檔案包含起始於位移 0x241 的字元，在目前的來源字元集 (字碼頁 65001) 中不是合法的字元。
c:\users\user\onedrive\桌面\庠code\source\game\zombie.h : warning C4828: 檔案包含起始於位移 0x242 的字元，在目前的來源字元集 (字碼頁 65001) 中不是合法的字元。
c:\users\user\onedrive\桌面\庠code\source\game\zombie.h : warning C4828: 檔案包含起始於位移 0x243 的字元，在目前的來源字元集 (字碼頁 65001) 中不是合法的字元。
c:\users\user\onedrive\桌面\庠code\source\game\zombie.h : warning C4828: 檔案包含起始於位移 0x261 的字元，在目前的來源字元集 (字碼頁 65001) 中不是合法的字元。
c:\users\user\onedrive\桌面\庠code\source\game\zombie.h : warning C4828: 檔案包含起始於位移 0x263 的字元，在目前的來源字元集 (字碼頁 65001) 中不是合法的字元。
c:\users\user\onedrive\桌面\庠code\source\game\zombie.h : warning C4828: 檔案包含起始於位移 0x269 的字元，在目前的來源字元集 (字碼頁 65001) 中不是合法的字元。
c:\users\user\onedrive\桌面\庠code\source\game\zombie.h : warning C4828: 檔案包含起始於位移 0x26a 的字元，在目前的來源字元集 (字碼頁 65001) 中不是合法的字元。
c:\users\user\onedrive\桌面\庠code\source\game\zombie.h : warning C4828: 檔案包含起始於位移 0x26d 的字元，在目前的來源字元集 (字碼頁 65001) 中不是合法的字元。
c:\users\user\onedrive\桌面\庠code\source\game\zombie.h : warning C4828: 檔案包含起始於位移 0x26e 的字元，在目前的來源字元集 (字碼頁 65001) 中不是合法的字元。
  正在產生程式碼...
c:\users\user\onedrive\桌面\庠code\source\game\mygame_run.cpp(324): warning C4715: 'game_framework::CGameStateRun::Distance': 不是所有控制路徑都傳回值
  game.vcxproj -> C:\Users\User\OneDrive\桌面\庠code\.\Debug\game.exe
