cl : 命令列 warning D9035: 選項 'Gm' 已被取代，在未來的發行版本中將會移除
  mygame_initialize.cpp
c:\users\administrator\desktop\oopl\final\final\source\game\zombie.h : warning C4828: 檔案包含起始於位移 0x355 的字元，在目前的來源字元集 (字碼頁 65001) 中不是合法的字元。
c:\users\administrator\desktop\oopl\final\final\source\game\zombie.h : warning C4828: 檔案包含起始於位移 0x357 的字元，在目前的來源字元集 (字碼頁 65001) 中不是合法的字元。
c:\users\administrator\desktop\oopl\final\final\source\game\zombie.h : warning C4828: 檔案包含起始於位移 0x359 的字元，在目前的來源字元集 (字碼頁 65001) 中不是合法的字元。
c:\users\administrator\desktop\oopl\final\final\source\game\zombie.h : warning C4828: 檔案包含起始於位移 0x35b 的字元，在目前的來源字元集 (字碼頁 65001) 中不是合法的字元。
c:\users\administrator\desktop\oopl\final\final\source\game\zombie.h : warning C4828: 檔案包含起始於位移 0x35c 的字元，在目前的來源字元集 (字碼頁 65001) 中不是合法的字元。
c:\users\administrator\desktop\oopl\final\final\source\game\zombie.h : warning C4828: 檔案包含起始於位移 0x35d 的字元，在目前的來源字元集 (字碼頁 65001) 中不是合法的字元。
c:\users\administrator\desktop\oopl\final\final\source\game\zombie.h : warning C4828: 檔案包含起始於位移 0x35e 的字元，在目前的來源字元集 (字碼頁 65001) 中不是合法的字元。
c:\users\administrator\desktop\oopl\final\final\source\game\zombie.h : warning C4828: 檔案包含起始於位移 0x35f 的字元，在目前的來源字元集 (字碼頁 65001) 中不是合法的字元。
c:\users\administrator\desktop\oopl\final\final\source\game\zombie.h : warning C4828: 檔案包含起始於位移 0x360 的字元，在目前的來源字元集 (字碼頁 65001) 中不是合法的字元。
c:\users\administrator\desktop\oopl\final\final\source\game\zombie.h : warning C4828: 檔案包含起始於位移 0x361 的字元，在目前的來源字元集 (字碼頁 65001) 中不是合法的字元。
c:\users\administrator\desktop\oopl\final\final\source\game\zombie.h : warning C4828: 檔案包含起始於位移 0x366 的字元，在目前的來源字元集 (字碼頁 65001) 中不是合法的字元。
c:\users\administrator\desktop\oopl\final\final\source\game\zombie.h : warning C4828: 檔案包含起始於位移 0x367 的字元，在目前的來源字元集 (字碼頁 65001) 中不是合法的字元。
c:\users\administrator\desktop\oopl\final\final\source\game\zombie.h : warning C4828: 檔案包含起始於位移 0x369 的字元，在目前的來源字元集 (字碼頁 65001) 中不是合法的字元。
c:\users\administrator\desktop\oopl\final\final\source\game\zombie.h : warning C4828: 檔案包含起始於位移 0x36a 的字元，在目前的來源字元集 (字碼頁 65001) 中不是合法的字元。
c:\users\administrator\desktop\oopl\final\final\source\game\zombie.h : warning C4828: 檔案包含起始於位移 0x389 的字元，在目前的來源字元集 (字碼頁 65001) 中不是合法的字元。
c:\users\administrator\desktop\oopl\final\final\source\game\zombie.h : warning C4828: 檔案包含起始於位移 0x38b 的字元，在目前的來源字元集 (字碼頁 65001) 中不是合法的字元。
c:\users\administrator\desktop\oopl\final\final\source\game\zombie.h : warning C4828: 檔案包含起始於位移 0x38c 的字元，在目前的來源字元集 (字碼頁 65001) 中不是合法的字元。
c:\users\administrator\desktop\oopl\final\final\source\game\zombie.h : warning C4828: 檔案包含起始於位移 0x38d 的字元，在目前的來源字元集 (字碼頁 65001) 中不是合法的字元。
c:\users\administrator\desktop\oopl\final\final\source\game\zombie.h : warning C4828: 檔案包含起始於位移 0x38e 的字元，在目前的來源字元集 (字碼頁 65001) 中不是合法的字元。
c:\users\administrator\desktop\oopl\final\final\source\game\zombie.h : warning C4828: 檔案包含起始於位移 0x38f 的字元，在目前的來源字元集 (字碼頁 65001) 中不是合法的字元。
c:\users\administrator\desktop\oopl\final\final\source\game\zombie.h : warning C4828: 檔案包含起始於位移 0x390 的字元，在目前的來源字元集 (字碼頁 65001) 中不是合法的字元。
c:\users\administrator\desktop\oopl\final\final\source\game\zombie.h : warning C4828: 檔案包含起始於位移 0x393 的字元，在目前的來源字元集 (字碼頁 65001) 中不是合法的字元。
c:\users\administrator\desktop\oopl\final\final\source\game\zombie.h : warning C4828: 檔案包含起始於位移 0x39b 的字元，在目前的來源字元集 (字碼頁 65001) 中不是合法的字元。
c:\users\administrator\desktop\oopl\final\final\source\game\zombie.h : warning C4828: 檔案包含起始於位移 0x3b9 的字元，在目前的來源字元集 (字碼頁 65001) 中不是合法的字元。
c:\users\administrator\desktop\oopl\final\final\source\game\zombie.h : warning C4828: 檔案包含起始於位移 0x3ba 的字元，在目前的來源字元集 (字碼頁 65001) 中不是合法的字元。
c:\users\administrator\desktop\oopl\final\final\source\game\zombie.h : warning C4828: 檔案包含起始於位移 0x3bb 的字元，在目前的來源字元集 (字碼頁 65001) 中不是合法的字元。
c:\users\administrator\desktop\oopl\final\final\source\game\zombie.h : warning C4828: 檔案包含起始於位移 0x3bc 的字元，在目前的來源字元集 (字碼頁 65001) 中不是合法的字元。
c:\users\administrator\desktop\oopl\final\final\source\game\zombie.h : warning C4828: 檔案包含起始於位移 0x3da 的字元，在目前的來源字元集 (字碼頁 65001) 中不是合法的字元。
c:\users\administrator\desktop\oopl\final\final\source\game\zombie.h : warning C4828: 檔案包含起始於位移 0x3dc 的字元，在目前的來源字元集 (字碼頁 65001) 中不是合法的字元。
c:\users\administrator\desktop\oopl\final\final\source\game\zombie.h : warning C4828: 檔案包含起始於位移 0x3e2 的字元，在目前的來源字元集 (字碼頁 65001) 中不是合法的字元。
c:\users\administrator\desktop\oopl\final\final\source\game\zombie.h : warning C4828: 檔案包含起始於位移 0x3e3 的字元，在目前的來源字元集 (字碼頁 65001) 中不是合法的字元。
c:\users\administrator\desktop\oopl\final\final\source\game\zombie.h : warning C4828: 檔案包含起始於位移 0x3e6 的字元，在目前的來源字元集 (字碼頁 65001) 中不是合法的字元。
c:\users\administrator\desktop\oopl\final\final\source\game\zombie.h : warning C4828: 檔案包含起始於位移 0x3e7 的字元，在目前的來源字元集 (字碼頁 65001) 中不是合法的字元。
c:\users\administrator\desktop\oopl\final\final\source\game\car.h : warning C4828: 檔案包含起始於位移 0x94 的字元，在目前的來源字元集 (字碼頁 65001) 中不是合法的字元。
c:\users\administrator\desktop\oopl\final\final\source\game\car.h : warning C4828: 檔案包含起始於位移 0x96 的字元，在目前的來源字元集 (字碼頁 65001) 中不是合法的字元。
c:\users\administrator\desktop\oopl\final\final\source\game\car.h : warning C4828: 檔案包含起始於位移 0x98 的字元，在目前的來源字元集 (字碼頁 65001) 中不是合法的字元。
c:\users\administrator\desktop\oopl\final\final\source\game\car.h : warning C4828: 檔案包含起始於位移 0x9a 的字元，在目前的來源字元集 (字碼頁 65001) 中不是合法的字元。
c:\users\administrator\desktop\oopl\final\final\source\game\car.h : warning C4828: 檔案包含起始於位移 0x9b 的字元，在目前的來源字元集 (字碼頁 65001) 中不是合法的字元。
c:\users\administrator\desktop\oopl\final\final\source\game\car.h : warning C4828: 檔案包含起始於位移 0x9c 的字元，在目前的來源字元集 (字碼頁 65001) 中不是合法的字元。
c:\users\administrator\desktop\oopl\final\final\source\game\car.h : warning C4828: 檔案包含起始於位移 0x9d 的字元，在目前的來源字元集 (字碼頁 65001) 中不是合法的字元。
c:\users\administrator\desktop\oopl\final\final\source\game\car.h : warning C4828: 檔案包含起始於位移 0x9e 的字元，在目前的來源字元集 (字碼頁 65001) 中不是合法的字元。
c:\users\administrator\desktop\oopl\final\final\source\game\car.h : warning C4828: 檔案包含起始於位移 0x9f 的字元，在目前的來源字元集 (字碼頁 65001) 中不是合法的字元。
c:\users\administrator\desktop\oopl\final\final\source\game\car.h : warning C4828: 檔案包含起始於位移 0xa0 的字元，在目前的來源字元集 (字碼頁 65001) 中不是合法的字元。
c:\users\administrator\desktop\oopl\final\final\source\game\car.h : warning C4828: 檔案包含起始於位移 0xa5 的字元，在目前的來源字元集 (字碼頁 65001) 中不是合法的字元。
c:\users\administrator\desktop\oopl\final\final\source\game\car.h : warning C4828: 檔案包含起始於位移 0xa6 的字元，在目前的來源字元集 (字碼頁 65001) 中不是合法的字元。
c:\users\administrator\desktop\oopl\final\final\source\game\car.h : warning C4828: 檔案包含起始於位移 0xa8 的字元，在目前的來源字元集 (字碼頁 65001) 中不是合法的字元。
c:\users\administrator\desktop\oopl\final\final\source\game\car.h : warning C4828: 檔案包含起始於位移 0xa9 的字元，在目前的來源字元集 (字碼頁 65001) 中不是合法的字元。
c:\users\administrator\desktop\oopl\final\final\source\game\car.h : warning C4828: 檔案包含起始於位移 0xc8 的字元，在目前的來源字元集 (字碼頁 65001) 中不是合法的字元。
c:\users\administrator\desktop\oopl\final\final\source\game\car.h : warning C4828: 檔案包含起始於位移 0xca 的字元，在目前的來源字元集 (字碼頁 65001) 中不是合法的字元。
c:\users\administrator\desktop\oopl\final\final\source\game\car.h : warning C4828: 檔案包含起始於位移 0xcb 的字元，在目前的來源字元集 (字碼頁 65001) 中不是合法的字元。
c:\users\administrator\desktop\oopl\final\final\source\game\car.h : warning C4828: 檔案包含起始於位移 0xcc 的字元，在目前的來源字元集 (字碼頁 65001) 中不是合法的字元。
c:\users\administrator\desktop\oopl\final\final\source\game\car.h : warning C4828: 檔案包含起始於位移 0xcd 的字元，在目前的來源字元集 (字碼頁 65001) 中不是合法的字元。
c:\users\administrator\desktop\oopl\final\final\source\game\car.h : warning C4828: 檔案包含起始於位移 0xce 的字元，在目前的來源字元集 (字碼頁 65001) 中不是合法的字元。
c:\users\administrator\desktop\oopl\final\final\source\game\car.h : warning C4828: 檔案包含起始於位移 0xcf 的字元，在目前的來源字元集 (字碼頁 65001) 中不是合法的字元。
c:\users\administrator\desktop\oopl\final\final\source\game\car.h : warning C4828: 檔案包含起始於位移 0xd2 的字元，在目前的來源字元集 (字碼頁 65001) 中不是合法的字元。
c:\users\administrator\desktop\oopl\final\final\source\game\car.h : warning C4828: 檔案包含起始於位移 0xda 的字元，在目前的來源字元集 (字碼頁 65001) 中不是合法的字元。
c:\users\administrator\desktop\oopl\final\final\source\game\car.h : warning C4828: 檔案包含起始於位移 0xfa 的字元，在目前的來源字元集 (字碼頁 65001) 中不是合法的字元。
c:\users\administrator\desktop\oopl\final\final\source\game\car.h : warning C4828: 檔案包含起始於位移 0xfb 的字元，在目前的來源字元集 (字碼頁 65001) 中不是合法的字元。
c:\users\administrator\desktop\oopl\final\final\source\game\car.h : warning C4828: 檔案包含起始於位移 0xfc 的字元，在目前的來源字元集 (字碼頁 65001) 中不是合法的字元。
c:\users\administrator\desktop\oopl\final\final\source\game\car.h : warning C4828: 檔案包含起始於位移 0xfd 的字元，在目前的來源字元集 (字碼頁 65001) 中不是合法的字元。
c:\users\administrator\desktop\oopl\final\final\source\game\car.h : warning C4828: 檔案包含起始於位移 0x11a 的字元，在目前的來源字元集 (字碼頁 65001) 中不是合法的字元。
c:\users\administrator\desktop\oopl\final\final\source\game\car.h : warning C4828: 檔案包含起始於位移 0x11c 的字元，在目前的來源字元集 (字碼頁 65001) 中不是合法的字元。
c:\users\administrator\desktop\oopl\final\final\source\game\car.h : warning C4828: 檔案包含起始於位移 0x122 的字元，在目前的來源字元集 (字碼頁 65001) 中不是合法的字元。
c:\users\administrator\desktop\oopl\final\final\source\game\car.h : warning C4828: 檔案包含起始於位移 0x123 的字元，在目前的來源字元集 (字碼頁 65001) 中不是合法的字元。
c:\users\administrator\desktop\oopl\final\final\source\game\car.h : warning C4828: 檔案包含起始於位移 0x126 的字元，在目前的來源字元集 (字碼頁 65001) 中不是合法的字元。
c:\users\administrator\desktop\oopl\final\final\source\game\car.h : warning C4828: 檔案包含起始於位移 0x127 的字元，在目前的來源字元集 (字碼頁 65001) 中不是合法的字元。
c:\users\administrator\desktop\oopl\final\final\source\game\sun.h : warning C4828: 檔案包含起始於位移 0xb7 的字元，在目前的來源字元集 (字碼頁 65001) 中不是合法的字元。
c:\users\administrator\desktop\oopl\final\final\source\game\sun.h : warning C4828: 檔案包含起始於位移 0xb9 的字元，在目前的來源字元集 (字碼頁 65001) 中不是合法的字元。
c:\users\administrator\desktop\oopl\final\final\source\game\sun.h : warning C4828: 檔案包含起始於位移 0xbb 的字元，在目前的來源字元集 (字碼頁 65001) 中不是合法的字元。
c:\users\administrator\desktop\oopl\final\final\source\game\sun.h : warning C4828: 檔案包含起始於位移 0xbd 的字元，在目前的來源字元集 (字碼頁 65001) 中不是合法的字元。
c:\users\administrator\desktop\oopl\final\final\source\game\sun.h : warning C4828: 檔案包含起始於位移 0xbe 的字元，在目前的來源字元集 (字碼頁 65001) 中不是合法的字元。
c:\users\administrator\desktop\oopl\final\final\source\game\sun.h : warning C4828: 檔案包含起始於位移 0xbf 的字元，在目前的來源字元集 (字碼頁 65001) 中不是合法的字元。
c:\users\administrator\desktop\oopl\final\final\source\game\sun.h : warning C4828: 檔案包含起始於位移 0xc0 的字元，在目前的來源字元集 (字碼頁 65001) 中不是合法的字元。
c:\users\administrator\desktop\oopl\final\final\source\game\sun.h : warning C4828: 檔案包含起始於位移 0xc1 的字元，在目前的來源字元集 (字碼頁 65001) 中不是合法的字元。
c:\users\administrator\desktop\oopl\final\final\source\game\sun.h : warning C4828: 檔案包含起始於位移 0xc2 的字元，在目前的來源字元集 (字碼頁 65001) 中不是合法的字元。
c:\users\administrator\desktop\oopl\final\final\source\game\sun.h : warning C4828: 檔案包含起始於位移 0xc3 的字元，在目前的來源字元集 (字碼頁 65001) 中不是合法的字元。
c:\users\administrator\desktop\oopl\final\final\source\game\sun.h : warning C4828: 檔案包含起始於位移 0xc8 的字元，在目前的來源字元集 (字碼頁 65001) 中不是合法的字元。
c:\users\administrator\desktop\oopl\final\final\source\game\sun.h : warning C4828: 檔案包含起始於位移 0xc9 的字元，在目前的來源字元集 (字碼頁 65001) 中不是合法的字元。
c:\users\administrator\desktop\oopl\final\final\source\game\sun.h : warning C4828: 檔案包含起始於位移 0xcb 的字元，在目前的來源字元集 (字碼頁 65001) 中不是合法的字元。
c:\users\administrator\desktop\oopl\final\final\source\game\sun.h : warning C4828: 檔案包含起始於位移 0xcc 的字元，在目前的來源字元集 (字碼頁 65001) 中不是合法的字元。
c:\users\administrator\desktop\oopl\final\final\source\game\sun.h : warning C4828: 檔案包含起始於位移 0xea 的字元，在目前的來源字元集 (字碼頁 65001) 中不是合法的字元。
c:\users\administrator\desktop\oopl\final\final\source\game\sun.h : warning C4828: 檔案包含起始於位移 0xec 的字元，在目前的來源字元集 (字碼頁 65001) 中不是合法的字元。
c:\users\administrator\desktop\oopl\final\final\source\game\sun.h : warning C4828: 檔案包含起始於位移 0xed 的字元，在目前的來源字元集 (字碼頁 65001) 中不是合法的字元。
c:\users\administrator\desktop\oopl\final\final\source\game\sun.h : warning C4828: 檔案包含起始於位移 0xee 的字元，在目前的來源字元集 (字碼頁 65001) 中不是合法的字元。
c:\users\administrator\desktop\oopl\final\final\source\game\sun.h : warning C4828: 檔案包含起始於位移 0xef 的字元，在目前的來源字元集 (字碼頁 65001) 中不是合法的字元。
c:\users\administrator\desktop\oopl\final\final\source\game\sun.h : warning C4828: 檔案包含起始於位移 0xf0 的字元，在目前的來源字元集 (字碼頁 65001) 中不是合法的字元。
c:\users\administrator\desktop\oopl\final\final\source\game\sun.h : warning C4828: 檔案包含起始於位移 0xf1 的字元，在目前的來源字元集 (字碼頁 65001) 中不是合法的字元。
c:\users\administrator\desktop\oopl\final\final\source\game\sun.h : warning C4828: 檔案包含起始於位移 0xf4 的字元，在目前的來源字元集 (字碼頁 65001) 中不是合法的字元。
c:\users\administrator\desktop\oopl\final\final\source\game\sun.h : warning C4828: 檔案包含起始於位移 0xfc 的字元，在目前的來源字元集 (字碼頁 65001) 中不是合法的字元。
c:\users\administrator\desktop\oopl\final\final\source\game\sun.h : warning C4828: 檔案包含起始於位移 0x11a 的字元，在目前的來源字元集 (字碼頁 65001) 中不是合法的字元。
c:\users\administrator\desktop\oopl\final\final\source\game\sun.h : warning C4828: 檔案包含起始於位移 0x11b 的字元，在目前的來源字元集 (字碼頁 65001) 中不是合法的字元。
c:\users\administrator\desktop\oopl\final\final\source\game\sun.h : warning C4828: 檔案包含起始於位移 0x11c 的字元，在目前的來源字元集 (字碼頁 65001) 中不是合法的字元。
c:\users\administrator\desktop\oopl\final\final\source\game\sun.h : warning C4828: 檔案包含起始於位移 0x11d 的字元，在目前的來源字元集 (字碼頁 65001) 中不是合法的字元。
c:\users\administrator\desktop\oopl\final\final\source\game\sun.h : warning C4828: 檔案包含起始於位移 0x14d 的字元，在目前的來源字元集 (字碼頁 65001) 中不是合法的字元。
c:\users\administrator\desktop\oopl\final\final\source\game\sun.h : warning C4828: 檔案包含起始於位移 0x14f 的字元，在目前的來源字元集 (字碼頁 65001) 中不是合法的字元。
c:\users\administrator\desktop\oopl\final\final\source\game\sun.h : warning C4828: 檔案包含起始於位移 0x155 的字元，在目前的來源字元集 (字碼頁 65001) 中不是合法的字元。
c:\users\administrator\desktop\oopl\final\final\source\game\sun.h : warning C4828: 檔案包含起始於位移 0x156 的字元，在目前的來源字元集 (字碼頁 65001) 中不是合法的字元。
c:\users\administrator\desktop\oopl\final\final\source\game\sun.h : warning C4828: 檔案包含起始於位移 0x159 的字元，在目前的來源字元集 (字碼頁 65001) 中不是合法的字元。
c:\users\administrator\desktop\oopl\final\final\source\game\sun.h : warning C4828: 檔案包含起始於位移 0x15a 的字元，在目前的來源字元集 (字碼頁 65001) 中不是合法的字元。
c:\users\administrator\desktop\oopl\final\final\source\game\plants.h : warning C4828: 檔案包含起始於位移 0x208 的字元，在目前的來源字元集 (字碼頁 65001) 中不是合法的字元。
c:\users\administrator\desktop\oopl\final\final\source\game\plants.h : warning C4828: 檔案包含起始於位移 0x20a 的字元，在目前的來源字元集 (字碼頁 65001) 中不是合法的字元。
c:\users\administrator\desktop\oopl\final\final\source\game\plants.h : warning C4828: 檔案包含起始於位移 0x20c 的字元，在目前的來源字元集 (字碼頁 65001) 中不是合法的字元。
c:\users\administrator\desktop\oopl\final\final\source\game\plants.h : warning C4828: 檔案包含起始於位移 0x20e 的字元，在目前的來源字元集 (字碼頁 65001) 中不是合法的字元。
c:\users\administrator\desktop\oopl\final\final\source\game\plants.h : warning C4828: 檔案包含起始於位移 0x20f 的字元，在目前的來源字元集 (字碼頁 65001) 中不是合法的字元。
c:\users\administrator\desktop\oopl\final\final\source\game\plants.h : warning C4828: 檔案包含起始於位移 0x210 的字元，在目前的來源字元集 (字碼頁 65001) 中不是合法的字元。
c:\users\administrator\desktop\oopl\final\final\source\game\plants.h : warning C4828: 檔案包含起始於位移 0x211 的字元，在目前的來源字元集 (字碼頁 65001) 中不是合法的字元。
c:\users\administrator\desktop\oopl\final\final\source\game\plants.h : warning C4828: 檔案包含起始於位移 0x212 的字元，在目前的來源字元集 (字碼頁 65001) 中不是合法的字元。
c:\users\administrator\desktop\oopl\final\final\source\game\plants.h : warning C4828: 檔案包含起始於位移 0x213 的字元，在目前的來源字元集 (字碼頁 65001) 中不是合法的字元。
c:\users\administrator\desktop\oopl\final\final\source\game\plants.h : warning C4828: 檔案包含起始於位移 0x214 的字元，在目前的來源字元集 (字碼頁 65001) 中不是合法的字元。
c:\users\administrator\desktop\oopl\final\final\source\game\plants.h : warning C4828: 檔案包含起始於位移 0x219 的字元，在目前的來源字元集 (字碼頁 65001) 中不是合法的字元。
c:\users\administrator\desktop\oopl\final\final\source\game\plants.h : warning C4828: 檔案包含起始於位移 0x21a 的字元，在目前的來源字元集 (字碼頁 65001) 中不是合法的字元。
c:\users\administrator\desktop\oopl\final\final\source\game\plants.h : warning C4828: 檔案包含起始於位移 0x21c 的字元，在目前的來源字元集 (字碼頁 65001) 中不是合法的字元。
c:\users\administrator\desktop\oopl\final\final\source\game\plants.h : warning C4828: 檔案包含起始於位移 0x21d 的字元，在目前的來源字元集 (字碼頁 65001) 中不是合法的字元。
c:\users\administrator\desktop\oopl\final\final\source\game\plants.h : warning C4828: 檔案包含起始於位移 0x31e 的字元，在目前的來源字元集 (字碼頁 65001) 中不是合法的字元。
c:\users\administrator\desktop\oopl\final\final\source\game\plants.h : warning C4828: 檔案包含起始於位移 0x320 的字元，在目前的來源字元集 (字碼頁 65001) 中不是合法的字元。
c:\users\administrator\desktop\oopl\final\final\source\game\plants.h : warning C4828: 檔案包含起始於位移 0x323 的字元，在目前的來源字元集 (字碼頁 65001) 中不是合法的字元。
c:\users\administrator\desktop\oopl\final\final\source\game\plants.h : warning C4828: 檔案包含起始於位移 0x326 的字元，在目前的來源字元集 (字碼頁 65001) 中不是合法的字元。
c:\users\administrator\desktop\oopl\final\final\source\game\plants.h : warning C4828: 檔案包含起始於位移 0x36a 的字元，在目前的來源字元集 (字碼頁 65001) 中不是合法的字元。
c:\users\administrator\desktop\oopl\final\final\source\game\plants.h : warning C4828: 檔案包含起始於位移 0x36c 的字元，在目前的來源字元集 (字碼頁 65001) 中不是合法的字元。
c:\users\administrator\desktop\oopl\final\final\source\game\plants.h : warning C4828: 檔案包含起始於位移 0x36f 的字元，在目前的來源字元集 (字碼頁 65001) 中不是合法的字元。
c:\users\administrator\desktop\oopl\final\final\source\game\plants.h : warning C4828: 檔案包含起始於位移 0x372 的字元，在目前的來源字元集 (字碼頁 65001) 中不是合法的字元。
c:\users\administrator\desktop\oopl\final\final\source\game\plants.h : warning C4828: 檔案包含起始於位移 0x3b6 的字元，在目前的來源字元集 (字碼頁 65001) 中不是合法的字元。
c:\users\administrator\desktop\oopl\final\final\source\game\plants.h : warning C4828: 檔案包含起始於位移 0x3b7 的字元，在目前的來源字元集 (字碼頁 65001) 中不是合法的字元。
c:\users\administrator\desktop\oopl\final\final\source\game\plants.h : warning C4828: 檔案包含起始於位移 0x3b8 的字元，在目前的來源字元集 (字碼頁 65001) 中不是合法的字元。
c:\users\administrator\desktop\oopl\final\final\source\game\plants.h : warning C4828: 檔案包含起始於位移 0x3b9 的字元，在目前的來源字元集 (字碼頁 65001) 中不是合法的字元。
c:\users\administrator\desktop\oopl\final\final\source\game\plants.h : warning C4828: 檔案包含起始於位移 0x3bc 的字元，在目前的來源字元集 (字碼頁 65001) 中不是合法的字元。
c:\users\administrator\desktop\oopl\final\final\source\game\plants.h : warning C4828: 檔案包含起始於位移 0x3c0 的字元，在目前的來源字元集 (字碼頁 65001) 中不是合法的字元。
c:\users\administrator\desktop\oopl\final\final\source\game\plants.h : warning C4828: 檔案包含起始於位移 0x3c3 的字元，在目前的來源字元集 (字碼頁 65001) 中不是合法的字元。
c:\users\administrator\desktop\oopl\final\final\source\game\plantscard.h : warning C4828: 檔案包含起始於位移 0x12e 的字元，在目前的來源字元集 (字碼頁 65001) 中不是合法的字元。
c:\users\administrator\desktop\oopl\final\final\source\game\plantscard.h : warning C4828: 檔案包含起始於位移 0x130 的字元，在目前的來源字元集 (字碼頁 65001) 中不是合法的字元。
c:\users\administrator\desktop\oopl\final\final\source\game\plantscard.h : warning C4828: 檔案包含起始於位移 0x132 的字元，在目前的來源字元集 (字碼頁 65001) 中不是合法的字元。
c:\users\administrator\desktop\oopl\final\final\source\game\plantscard.h : warning C4828: 檔案包含起始於位移 0x134 的字元，在目前的來源字元集 (字碼頁 65001) 中不是合法的字元。
c:\users\administrator\desktop\oopl\final\final\source\game\plantscard.h : warning C4828: 檔案包含起始於位移 0x135 的字元，在目前的來源字元集 (字碼頁 65001) 中不是合法的字元。
c:\users\administrator\desktop\oopl\final\final\source\game\plantscard.h : warning C4828: 檔案包含起始於位移 0x136 的字元，在目前的來源字元集 (字碼頁 65001) 中不是合法的字元。
c:\users\administrator\desktop\oopl\final\final\source\game\plantscard.h : warning C4828: 檔案包含起始於位移 0x137 的字元，在目前的來源字元集 (字碼頁 65001) 中不是合法的字元。
c:\users\administrator\desktop\oopl\final\final\source\game\plantscard.h : warning C4828: 檔案包含起始於位移 0x138 的字元，在目前的來源字元集 (字碼頁 65001) 中不是合法的字元。
c:\users\administrator\desktop\oopl\final\final\source\game\plantscard.h : warning C4828: 檔案包含起始於位移 0x139 的字元，在目前的來源字元集 (字碼頁 65001) 中不是合法的字元。
c:\users\administrator\desktop\oopl\final\final\source\game\plantscard.h : warning C4828: 檔案包含起始於位移 0x13a 的字元，在目前的來源字元集 (字碼頁 65001) 中不是合法的字元。
c:\users\administrator\desktop\oopl\final\final\source\game\plantscard.h : warning C4828: 檔案包含起始於位移 0x13f 的字元，在目前的來源字元集 (字碼頁 65001) 中不是合法的字元。
c:\users\administrator\desktop\oopl\final\final\source\game\plantscard.h : warning C4828: 檔案包含起始於位移 0x140 的字元，在目前的來源字元集 (字碼頁 65001) 中不是合法的字元。
c:\users\administrator\desktop\oopl\final\final\source\game\plantscard.h : warning C4828: 檔案包含起始於位移 0x142 的字元，在目前的來源字元集 (字碼頁 65001) 中不是合法的字元。
c:\users\administrator\desktop\oopl\final\final\source\game\plantscard.h : warning C4828: 檔案包含起始於位移 0x143 的字元，在目前的來源字元集 (字碼頁 65001) 中不是合法的字元。
c:\users\administrator\desktop\oopl\final\final\source\game\plantscard.h : warning C4828: 檔案包含起始於位移 0x161 的字元，在目前的來源字元集 (字碼頁 65001) 中不是合法的字元。
c:\users\administrator\desktop\oopl\final\final\source\game\plantscard.h : warning C4828: 檔案包含起始於位移 0x163 的字元，在目前的來源字元集 (字碼頁 65001) 中不是合法的字元。
c:\users\administrator\desktop\oopl\final\final\source\game\plantscard.h : warning C4828: 檔案包含起始於位移 0x164 的字元，在目前的來源字元集 (字碼頁 65001) 中不是合法的字元。
c:\users\administrator\desktop\oopl\final\final\source\game\plantscard.h : warning C4828: 檔案包含起始於位移 0x165 的字元，在目前的來源字元集 (字碼頁 65001) 中不是合法的字元。
c:\users\administrator\desktop\oopl\final\final\source\game\plantscard.h : warning C4828: 檔案包含起始於位移 0x166 的字元，在目前的來源字元集 (字碼頁 65001) 中不是合法的字元。
c:\users\administrator\desktop\oopl\final\final\source\game\plantscard.h : warning C4828: 檔案包含起始於位移 0x167 的字元，在目前的來源字元集 (字碼頁 65001) 中不是合法的字元。
c:\users\administrator\desktop\oopl\final\final\source\game\plantscard.h : warning C4828: 檔案包含起始於位移 0x168 的字元，在目前的來源字元集 (字碼頁 65001) 中不是合法的字元。
c:\users\administrator\desktop\oopl\final\final\source\game\plantscard.h : warning C4828: 檔案包含起始於位移 0x16b 的字元，在目前的來源字元集 (字碼頁 65001) 中不是合法的字元。
c:\users\administrator\desktop\oopl\final\final\source\game\plantscard.h : warning C4828: 檔案包含起始於位移 0x173 的字元，在目前的來源字元集 (字碼頁 65001) 中不是合法的字元。
c:\users\administrator\desktop\oopl\final\final\source\game\plantscard.h : warning C4828: 檔案包含起始於位移 0x1aa 的字元，在目前的來源字元集 (字碼頁 65001) 中不是合法的字元。
c:\users\administrator\desktop\oopl\final\final\source\game\plantscard.h : warning C4828: 檔案包含起始於位移 0x1ab 的字元，在目前的來源字元集 (字碼頁 65001) 中不是合法的字元。
c:\users\administrator\desktop\oopl\final\final\source\game\plantscard.h : warning C4828: 檔案包含起始於位移 0x1ac 的字元，在目前的來源字元集 (字碼頁 65001) 中不是合法的字元。
c:\users\administrator\desktop\oopl\final\final\source\game\plantscard.h : warning C4828: 檔案包含起始於位移 0x1ad 的字元，在目前的來源字元集 (字碼頁 65001) 中不是合法的字元。
c:\users\administrator\desktop\oopl\final\final\source\game\plantscard.h : warning C4828: 檔案包含起始於位移 0x1e2 的字元，在目前的來源字元集 (字碼頁 65001) 中不是合法的字元。
c:\users\administrator\desktop\oopl\final\final\source\game\plantscard.h : warning C4828: 檔案包含起始於位移 0x1e4 的字元，在目前的來源字元集 (字碼頁 65001) 中不是合法的字元。
c:\users\administrator\desktop\oopl\final\final\source\game\plantscard.h : warning C4828: 檔案包含起始於位移 0x1ea 的字元，在目前的來源字元集 (字碼頁 65001) 中不是合法的字元。
c:\users\administrator\desktop\oopl\final\final\source\game\plantscard.h : warning C4828: 檔案包含起始於位移 0x1eb 的字元，在目前的來源字元集 (字碼頁 65001) 中不是合法的字元。
c:\users\administrator\desktop\oopl\final\final\source\game\plantscard.h : warning C4828: 檔案包含起始於位移 0x1ee 的字元，在目前的來源字元集 (字碼頁 65001) 中不是合法的字元。
c:\users\administrator\desktop\oopl\final\final\source\game\plantscard.h : warning C4828: 檔案包含起始於位移 0x1ef 的字元，在目前的來源字元集 (字碼頁 65001) 中不是合法的字元。
c:\users\administrator\desktop\oopl\final\final\source\game\suncard.h : warning C4828: 檔案包含起始於位移 0xac 的字元，在目前的來源字元集 (字碼頁 65001) 中不是合法的字元。
c:\users\administrator\desktop\oopl\final\final\source\game\suncard.h : warning C4828: 檔案包含起始於位移 0xae 的字元，在目前的來源字元集 (字碼頁 65001) 中不是合法的字元。
c:\users\administrator\desktop\oopl\final\final\source\game\suncard.h : warning C4828: 檔案包含起始於位移 0xb0 的字元，在目前的來源字元集 (字碼頁 65001) 中不是合法的字元。
c:\users\administrator\desktop\oopl\final\final\source\game\suncard.h : warning C4828: 檔案包含起始於位移 0xb2 的字元，在目前的來源字元集 (字碼頁 65001) 中不是合法的字元。
c:\users\administrator\desktop\oopl\final\final\source\game\suncard.h : warning C4828: 檔案包含起始於位移 0xb3 的字元，在目前的來源字元集 (字碼頁 65001) 中不是合法的字元。
c:\users\administrator\desktop\oopl\final\final\source\game\suncard.h : warning C4828: 檔案包含起始於位移 0xb4 的字元，在目前的來源字元集 (字碼頁 65001) 中不是合法的字元。
c:\users\administrator\desktop\oopl\final\final\source\game\suncard.h : warning C4828: 檔案包含起始於位移 0xb5 的字元，在目前的來源字元集 (字碼頁 65001) 中不是合法的字元。
c:\users\administrator\desktop\oopl\final\final\source\game\suncard.h : warning C4828: 檔案包含起始於位移 0xb6 的字元，在目前的來源字元集 (字碼頁 65001) 中不是合法的字元。
c:\users\administrator\desktop\oopl\final\final\source\game\suncard.h : warning C4828: 檔案包含起始於位移 0xb7 的字元，在目前的來源字元集 (字碼頁 65001) 中不是合法的字元。
c:\users\administrator\desktop\oopl\final\final\source\game\suncard.h : warning C4828: 檔案包含起始於位移 0xb8 的字元，在目前的來源字元集 (字碼頁 65001) 中不是合法的字元。
c:\users\administrator\desktop\oopl\final\final\source\game\suncard.h : warning C4828: 檔案包含起始於位移 0xbd 的字元，在目前的來源字元集 (字碼頁 65001) 中不是合法的字元。
c:\users\administrator\desktop\oopl\final\final\source\game\suncard.h : warning C4828: 檔案包含起始於位移 0xbe 的字元，在目前的來源字元集 (字碼頁 65001) 中不是合法的字元。
c:\users\administrator\desktop\oopl\final\final\source\game\suncard.h : warning C4828: 檔案包含起始於位移 0xc0 的字元，在目前的來源字元集 (字碼頁 65001) 中不是合法的字元。
c:\users\administrator\desktop\oopl\final\final\source\game\suncard.h : warning C4828: 檔案包含起始於位移 0xc1 的字元，在目前的來源字元集 (字碼頁 65001) 中不是合法的字元。
  game.vcxproj -> C:\Users\Administrator\Desktop\oopl\final\final\.\Debug\game.exe
