cl : 命令列 warning D9035: 選項 'Gm' 已被取代，在未來的發行版本中將會移除
  mygame_run.cpp
c:\users\user\git\some-adventure\v1.1.3\source\game\zombie.h : warning C4828: 檔案包含起始於位移 0x193 的字元，在目前的來源字元集 (字碼頁 65001) 中不是合法的字元。
c:\users\user\git\some-adventure\v1.1.3\source\game\zombie.h : warning C4828: 檔案包含起始於位移 0x195 的字元，在目前的來源字元集 (字碼頁 65001) 中不是合法的字元。
c:\users\user\git\some-adventure\v1.1.3\source\game\zombie.h : warning C4828: 檔案包含起始於位移 0x196 的字元，在目前的來源字元集 (字碼頁 65001) 中不是合法的字元。
c:\users\user\git\some-adventure\v1.1.3\source\game\zombie.h : warning C4828: 檔案包含起始於位移 0x197 的字元，在目前的來源字元集 (字碼頁 65001) 中不是合法的字元。
c:\users\user\git\some-adventure\v1.1.3\source\game\zombie.h : warning C4828: 檔案包含起始於位移 0x198 的字元，在目前的來源字元集 (字碼頁 65001) 中不是合法的字元。
c:\users\user\git\some-adventure\v1.1.3\source\game\zombie.h : warning C4828: 檔案包含起始於位移 0x199 的字元，在目前的來源字元集 (字碼頁 65001) 中不是合法的字元。
c:\users\user\git\some-adventure\v1.1.3\source\game\zombie.h : warning C4828: 檔案包含起始於位移 0x19a 的字元，在目前的來源字元集 (字碼頁 65001) 中不是合法的字元。
c:\users\user\git\some-adventure\v1.1.3\source\game\zombie.h : warning C4828: 檔案包含起始於位移 0x19d 的字元，在目前的來源字元集 (字碼頁 65001) 中不是合法的字元。
c:\users\user\git\some-adventure\v1.1.3\source\game\zombie.h : warning C4828: 檔案包含起始於位移 0x1a5 的字元，在目前的來源字元集 (字碼頁 65001) 中不是合法的字元。
c:\users\user\git\some-adventure\v1.1.3\source\game\zombie.h : warning C4828: 檔案包含起始於位移 0x1c4 的字元，在目前的來源字元集 (字碼頁 65001) 中不是合法的字元。
c:\users\user\git\some-adventure\v1.1.3\source\game\zombie.h : warning C4828: 檔案包含起始於位移 0x1c5 的字元，在目前的來源字元集 (字碼頁 65001) 中不是合法的字元。
c:\users\user\git\some-adventure\v1.1.3\source\game\zombie.h : warning C4828: 檔案包含起始於位移 0x1c6 的字元，在目前的來源字元集 (字碼頁 65001) 中不是合法的字元。
c:\users\user\git\some-adventure\v1.1.3\source\game\zombie.h : warning C4828: 檔案包含起始於位移 0x1c7 的字元，在目前的來源字元集 (字碼頁 65001) 中不是合法的字元。
c:\users\user\git\some-adventure\v1.1.3\source\game\zombie.h : warning C4828: 檔案包含起始於位移 0x1e6 的字元，在目前的來源字元集 (字碼頁 65001) 中不是合法的字元。
c:\users\user\git\some-adventure\v1.1.3\source\game\zombie.h : warning C4828: 檔案包含起始於位移 0x1e8 的字元，在目前的來源字元集 (字碼頁 65001) 中不是合法的字元。
c:\users\user\git\some-adventure\v1.1.3\source\game\zombie.h : warning C4828: 檔案包含起始於位移 0x1ee 的字元，在目前的來源字元集 (字碼頁 65001) 中不是合法的字元。
c:\users\user\git\some-adventure\v1.1.3\source\game\zombie.h : warning C4828: 檔案包含起始於位移 0x1ef 的字元，在目前的來源字元集 (字碼頁 65001) 中不是合法的字元。
c:\users\user\git\some-adventure\v1.1.3\source\game\zombie.h : warning C4828: 檔案包含起始於位移 0x1f2 的字元，在目前的來源字元集 (字碼頁 65001) 中不是合法的字元。
c:\users\user\git\some-adventure\v1.1.3\source\game\zombie.h : warning C4828: 檔案包含起始於位移 0x1f3 的字元，在目前的來源字元集 (字碼頁 65001) 中不是合法的字元。
c:\users\user\git\some-adventure\v1.1.3\source\game\car.h : warning C4828: 檔案包含起始於位移 0x91 的字元，在目前的來源字元集 (字碼頁 65001) 中不是合法的字元。
c:\users\user\git\some-adventure\v1.1.3\source\game\car.h : warning C4828: 檔案包含起始於位移 0x93 的字元，在目前的來源字元集 (字碼頁 65001) 中不是合法的字元。
c:\users\user\git\some-adventure\v1.1.3\source\game\car.h : warning C4828: 檔案包含起始於位移 0x94 的字元，在目前的來源字元集 (字碼頁 65001) 中不是合法的字元。
c:\users\user\git\some-adventure\v1.1.3\source\game\car.h : warning C4828: 檔案包含起始於位移 0x95 的字元，在目前的來源字元集 (字碼頁 65001) 中不是合法的字元。
c:\users\user\git\some-adventure\v1.1.3\source\game\car.h : warning C4828: 檔案包含起始於位移 0x96 的字元，在目前的來源字元集 (字碼頁 65001) 中不是合法的字元。
c:\users\user\git\some-adventure\v1.1.3\source\game\car.h : warning C4828: 檔案包含起始於位移 0x97 的字元，在目前的來源字元集 (字碼頁 65001) 中不是合法的字元。
c:\users\user\git\some-adventure\v1.1.3\source\game\car.h : warning C4828: 檔案包含起始於位移 0x98 的字元，在目前的來源字元集 (字碼頁 65001) 中不是合法的字元。
c:\users\user\git\some-adventure\v1.1.3\source\game\car.h : warning C4828: 檔案包含起始於位移 0x9b 的字元，在目前的來源字元集 (字碼頁 65001) 中不是合法的字元。
c:\users\user\git\some-adventure\v1.1.3\source\game\car.h : warning C4828: 檔案包含起始於位移 0xa3 的字元，在目前的來源字元集 (字碼頁 65001) 中不是合法的字元。
c:\users\user\git\some-adventure\v1.1.3\source\game\car.h : warning C4828: 檔案包含起始於位移 0xc3 的字元，在目前的來源字元集 (字碼頁 65001) 中不是合法的字元。
c:\users\user\git\some-adventure\v1.1.3\source\game\car.h : warning C4828: 檔案包含起始於位移 0xc4 的字元，在目前的來源字元集 (字碼頁 65001) 中不是合法的字元。
c:\users\user\git\some-adventure\v1.1.3\source\game\car.h : warning C4828: 檔案包含起始於位移 0xc5 的字元，在目前的來源字元集 (字碼頁 65001) 中不是合法的字元。
c:\users\user\git\some-adventure\v1.1.3\source\game\car.h : warning C4828: 檔案包含起始於位移 0xc6 的字元，在目前的來源字元集 (字碼頁 65001) 中不是合法的字元。
c:\users\user\git\some-adventure\v1.1.3\source\game\car.h : warning C4828: 檔案包含起始於位移 0xe3 的字元，在目前的來源字元集 (字碼頁 65001) 中不是合法的字元。
c:\users\user\git\some-adventure\v1.1.3\source\game\car.h : warning C4828: 檔案包含起始於位移 0xe5 的字元，在目前的來源字元集 (字碼頁 65001) 中不是合法的字元。
c:\users\user\git\some-adventure\v1.1.3\source\game\car.h : warning C4828: 檔案包含起始於位移 0xeb 的字元，在目前的來源字元集 (字碼頁 65001) 中不是合法的字元。
c:\users\user\git\some-adventure\v1.1.3\source\game\car.h : warning C4828: 檔案包含起始於位移 0xec 的字元，在目前的來源字元集 (字碼頁 65001) 中不是合法的字元。
c:\users\user\git\some-adventure\v1.1.3\source\game\car.h : warning C4828: 檔案包含起始於位移 0xef 的字元，在目前的來源字元集 (字碼頁 65001) 中不是合法的字元。
c:\users\user\git\some-adventure\v1.1.3\source\game\car.h : warning C4828: 檔案包含起始於位移 0xf0 的字元，在目前的來源字元集 (字碼頁 65001) 中不是合法的字元。
c:\users\user\git\some-adventure\v1.1.3\source\game\sun.h : warning C4828: 檔案包含起始於位移 0xb4 的字元，在目前的來源字元集 (字碼頁 65001) 中不是合法的字元。
c:\users\user\git\some-adventure\v1.1.3\source\game\sun.h : warning C4828: 檔案包含起始於位移 0xb6 的字元，在目前的來源字元集 (字碼頁 65001) 中不是合法的字元。
c:\users\user\git\some-adventure\v1.1.3\source\game\sun.h : warning C4828: 檔案包含起始於位移 0xb7 的字元，在目前的來源字元集 (字碼頁 65001) 中不是合法的字元。
c:\users\user\git\some-adventure\v1.1.3\source\game\sun.h : warning C4828: 檔案包含起始於位移 0xb8 的字元，在目前的來源字元集 (字碼頁 65001) 中不是合法的字元。
c:\users\user\git\some-adventure\v1.1.3\source\game\sun.h : warning C4828: 檔案包含起始於位移 0xb9 的字元，在目前的來源字元集 (字碼頁 65001) 中不是合法的字元。
c:\users\user\git\some-adventure\v1.1.3\source\game\sun.h : warning C4828: 檔案包含起始於位移 0xba 的字元，在目前的來源字元集 (字碼頁 65001) 中不是合法的字元。
c:\users\user\git\some-adventure\v1.1.3\source\game\sun.h : warning C4828: 檔案包含起始於位移 0xbb 的字元，在目前的來源字元集 (字碼頁 65001) 中不是合法的字元。
c:\users\user\git\some-adventure\v1.1.3\source\game\sun.h : warning C4828: 檔案包含起始於位移 0xbe 的字元，在目前的來源字元集 (字碼頁 65001) 中不是合法的字元。
c:\users\user\git\some-adventure\v1.1.3\source\game\sun.h : warning C4828: 檔案包含起始於位移 0xc6 的字元，在目前的來源字元集 (字碼頁 65001) 中不是合法的字元。
c:\users\user\git\some-adventure\v1.1.3\source\game\sun.h : warning C4828: 檔案包含起始於位移 0xe4 的字元，在目前的來源字元集 (字碼頁 65001) 中不是合法的字元。
c:\users\user\git\some-adventure\v1.1.3\source\game\sun.h : warning C4828: 檔案包含起始於位移 0xe5 的字元，在目前的來源字元集 (字碼頁 65001) 中不是合法的字元。
c:\users\user\git\some-adventure\v1.1.3\source\game\sun.h : warning C4828: 檔案包含起始於位移 0xe6 的字元，在目前的來源字元集 (字碼頁 65001) 中不是合法的字元。
c:\users\user\git\some-adventure\v1.1.3\source\game\sun.h : warning C4828: 檔案包含起始於位移 0xe7 的字元，在目前的來源字元集 (字碼頁 65001) 中不是合法的字元。
c:\users\user\git\some-adventure\v1.1.3\source\game\sun.h : warning C4828: 檔案包含起始於位移 0x117 的字元，在目前的來源字元集 (字碼頁 65001) 中不是合法的字元。
c:\users\user\git\some-adventure\v1.1.3\source\game\sun.h : warning C4828: 檔案包含起始於位移 0x119 的字元，在目前的來源字元集 (字碼頁 65001) 中不是合法的字元。
c:\users\user\git\some-adventure\v1.1.3\source\game\sun.h : warning C4828: 檔案包含起始於位移 0x11f 的字元，在目前的來源字元集 (字碼頁 65001) 中不是合法的字元。
c:\users\user\git\some-adventure\v1.1.3\source\game\sun.h : warning C4828: 檔案包含起始於位移 0x120 的字元，在目前的來源字元集 (字碼頁 65001) 中不是合法的字元。
c:\users\user\git\some-adventure\v1.1.3\source\game\sun.h : warning C4828: 檔案包含起始於位移 0x123 的字元，在目前的來源字元集 (字碼頁 65001) 中不是合法的字元。
c:\users\user\git\some-adventure\v1.1.3\source\game\sun.h : warning C4828: 檔案包含起始於位移 0x124 的字元，在目前的來源字元集 (字碼頁 65001) 中不是合法的字元。
c:\users\user\git\some-adventure\v1.1.3\source\game\plants.h : warning C4828: 檔案包含起始於位移 0x2c8 的字元，在目前的來源字元集 (字碼頁 65001) 中不是合法的字元。
c:\users\user\git\some-adventure\v1.1.3\source\game\plants.h : warning C4828: 檔案包含起始於位移 0x2ca 的字元，在目前的來源字元集 (字碼頁 65001) 中不是合法的字元。
c:\users\user\git\some-adventure\v1.1.3\source\game\plants.h : warning C4828: 檔案包含起始於位移 0x2cd 的字元，在目前的來源字元集 (字碼頁 65001) 中不是合法的字元。
c:\users\user\git\some-adventure\v1.1.3\source\game\plants.h : warning C4828: 檔案包含起始於位移 0x2d0 的字元，在目前的來源字元集 (字碼頁 65001) 中不是合法的字元。
c:\users\user\git\some-adventure\v1.1.3\source\game\plants.h : warning C4828: 檔案包含起始於位移 0x314 的字元，在目前的來源字元集 (字碼頁 65001) 中不是合法的字元。
c:\users\user\git\some-adventure\v1.1.3\source\game\plants.h : warning C4828: 檔案包含起始於位移 0x316 的字元，在目前的來源字元集 (字碼頁 65001) 中不是合法的字元。
c:\users\user\git\some-adventure\v1.1.3\source\game\plants.h : warning C4828: 檔案包含起始於位移 0x319 的字元，在目前的來源字元集 (字碼頁 65001) 中不是合法的字元。
c:\users\user\git\some-adventure\v1.1.3\source\game\plants.h : warning C4828: 檔案包含起始於位移 0x31c 的字元，在目前的來源字元集 (字碼頁 65001) 中不是合法的字元。
c:\users\user\git\some-adventure\v1.1.3\source\game\plantscard.h : warning C4828: 檔案包含起始於位移 0x12b 的字元，在目前的來源字元集 (字碼頁 65001) 中不是合法的字元。
c:\users\user\git\some-adventure\v1.1.3\source\game\plantscard.h : warning C4828: 檔案包含起始於位移 0x12d 的字元，在目前的來源字元集 (字碼頁 65001) 中不是合法的字元。
c:\users\user\git\some-adventure\v1.1.3\source\game\plantscard.h : warning C4828: 檔案包含起始於位移 0x12e 的字元，在目前的來源字元集 (字碼頁 65001) 中不是合法的字元。
c:\users\user\git\some-adventure\v1.1.3\source\game\plantscard.h : warning C4828: 檔案包含起始於位移 0x12f 的字元，在目前的來源字元集 (字碼頁 65001) 中不是合法的字元。
c:\users\user\git\some-adventure\v1.1.3\source\game\plantscard.h : warning C4828: 檔案包含起始於位移 0x130 的字元，在目前的來源字元集 (字碼頁 65001) 中不是合法的字元。
c:\users\user\git\some-adventure\v1.1.3\source\game\plantscard.h : warning C4828: 檔案包含起始於位移 0x131 的字元，在目前的來源字元集 (字碼頁 65001) 中不是合法的字元。
c:\users\user\git\some-adventure\v1.1.3\source\game\plantscard.h : warning C4828: 檔案包含起始於位移 0x132 的字元，在目前的來源字元集 (字碼頁 65001) 中不是合法的字元。
c:\users\user\git\some-adventure\v1.1.3\source\game\plantscard.h : warning C4828: 檔案包含起始於位移 0x135 的字元，在目前的來源字元集 (字碼頁 65001) 中不是合法的字元。
c:\users\user\git\some-adventure\v1.1.3\source\game\plantscard.h : warning C4828: 檔案包含起始於位移 0x13d 的字元，在目前的來源字元集 (字碼頁 65001) 中不是合法的字元。
c:\users\user\git\some-adventure\v1.1.3\source\game\plantscard.h : warning C4828: 檔案包含起始於位移 0x174 的字元，在目前的來源字元集 (字碼頁 65001) 中不是合法的字元。
c:\users\user\git\some-adventure\v1.1.3\source\game\plantscard.h : warning C4828: 檔案包含起始於位移 0x175 的字元，在目前的來源字元集 (字碼頁 65001) 中不是合法的字元。
c:\users\user\git\some-adventure\v1.1.3\source\game\plantscard.h : warning C4828: 檔案包含起始於位移 0x176 的字元，在目前的來源字元集 (字碼頁 65001) 中不是合法的字元。
c:\users\user\git\some-adventure\v1.1.3\source\game\plantscard.h : warning C4828: 檔案包含起始於位移 0x177 的字元，在目前的來源字元集 (字碼頁 65001) 中不是合法的字元。
c:\users\user\git\some-adventure\v1.1.3\source\game\plantscard.h : warning C4828: 檔案包含起始於位移 0x194 的字元，在目前的來源字元集 (字碼頁 65001) 中不是合法的字元。
c:\users\user\git\some-adventure\v1.1.3\source\game\plantscard.h : warning C4828: 檔案包含起始於位移 0x196 的字元，在目前的來源字元集 (字碼頁 65001) 中不是合法的字元。
c:\users\user\git\some-adventure\v1.1.3\source\game\plantscard.h : warning C4828: 檔案包含起始於位移 0x19c 的字元，在目前的來源字元集 (字碼頁 65001) 中不是合法的字元。
c:\users\user\git\some-adventure\v1.1.3\source\game\plantscard.h : warning C4828: 檔案包含起始於位移 0x19d 的字元，在目前的來源字元集 (字碼頁 65001) 中不是合法的字元。
c:\users\user\git\some-adventure\v1.1.3\source\game\plantscard.h : warning C4828: 檔案包含起始於位移 0x1a0 的字元，在目前的來源字元集 (字碼頁 65001) 中不是合法的字元。
c:\users\user\git\some-adventure\v1.1.3\source\game\plantscard.h : warning C4828: 檔案包含起始於位移 0x1a1 的字元，在目前的來源字元集 (字碼頁 65001) 中不是合法的字元。
c:\users\user\git\some-adventure\v1.1.3\source\game\mygame_run.cpp(287): warning C4715: 'game_framework::CGameStateRun::Distance': 不是所有控制路徑都傳回值
  game.vcxproj -> C:\Users\User\git\some-adventure\v1.1.3\.\Debug\game.exe
